#
# There is insufficient memory for the Java Runtime Environment to continue.
# Native memory allocation (mmap) failed to map 65536 bytes for Failed to commit metaspace.
# Possible reasons:
#   The system is out of physical RAM or swap space
#   The process is running with CompressedOops enabled, and the Java Heap may be blocking the growth of the native heap
# Possible solutions:
#   Reduce memory load on the system
#   Increase physical memory or swap space
#   Check if swap backing store is full
#   Decrease Java heap size (-Xmx/-Xms)
#   Decrease number of Java threads
#   Decrease Java thread stack sizes (-Xss)
#   Set larger code cache with -XX:ReservedCodeCacheSize=
#   JVM is running with Zero Based Compressed Oops mode in which the Java heap is
#     placed in the first 32GB address space. The Java Heap base address is the
#     maximum limit for the native heap growth. Please use -XX:HeapBaseMinAddress
#     to set the Java Heap base and to place the Java Heap above 32GB virtual address.
# This output file may be truncated or incomplete.
#
#  Out of Memory Error (virtualSpaceNode.cpp:108), pid=15532, tid=6364
#
# JRE version: Java(TM) SE Runtime Environment (16.0.2+7) (build 16.0.2+7-67)
# Java VM: Java HotSpot(TM) 64-Bit Server VM (16.0.2+7-67, mixed mode, sharing, tiered, compressed oops, compressed class ptrs, g1 gc, windows-amd64)
# No core dump will be written. Minidumps are not enabled by default on client versions of Windows
#

---------------  S U M M A R Y ------------

Command Line: -Dfile.encoding=windows-1252 -Duser.country=BR -Duser.language=pt -Duser.variant com.cities.distance.citiesAPI.CitiesApiApplication

Host: Intel(R) Core(TM) i5-8250U CPU @ 1.60GHz, 8 cores, 11G,  Windows 10 , 64 bit Build 19041 (10.0.19041.1151)
Time: Mon Aug 23 14:49:58 2021 Hora Padrão da Bahia elapsed time: 0.619389 seconds (0d 0h 0m 0s)

---------------  T H R E A D  ---------------

Current thread (0x00000208e278bae0):  JavaThread "main" [_thread_in_vm, id=6364, stack(0x0000005af8e00000,0x0000005af8f00000)]

Stack: [0x0000005af8e00000,0x0000005af8f00000]
Native frames: (J=compiled Java code, j=interpreted, Vv=VM code, C=native code)
V  [jvm.dll+0x6681ca]
V  [jvm.dll+0x7c9e69]
V  [jvm.dll+0x7cb61e]
V  [jvm.dll+0x7cbc73]
V  [jvm.dll+0x242c55]
V  [jvm.dll+0x7c64eb]
V  [jvm.dll+0x60ddd6]
V  [jvm.dll+0x1be6ce]
V  [jvm.dll+0x610531]
V  [jvm.dll+0x60e6d1]
V  [jvm.dll+0x3628fa]
V  [jvm.dll+0x1e0ecf]
V  [jvm.dll+0x536022]
V  [jvm.dll+0x74222e]
V  [jvm.dll+0x4076da]
V  [jvm.dll+0x41b9b6]
C  [java.dll+0x164d]

Java frames: (J=compiled Java code, j=interpreted, Vv=VM code)
j  java.lang.ClassLoader.defineClass0(Ljava/lang/ClassLoader;Ljava/lang/Class;Ljava/lang/String;[BIILjava/security/ProtectionDomain;ZILjava/lang/Object;)Ljava/lang/Class;+0 java.base@16.0.2
j  java.lang.System$2.defineClass(Ljava/lang/ClassLoader;Ljava/lang/Class;Ljava/lang/String;[BLjava/security/ProtectionDomain;ZILjava/lang/Object;)Ljava/lang/Class;+17 java.base@16.0.2
j  java.lang.invoke.MethodHandles$Lookup$ClassDefiner.defineClass(ZLjava/lang/Object;)Ljava/lang/Class;+54 java.base@16.0.2
j  java.lang.invoke.MethodHandles$Lookup$ClassDefiner.defineClassAsLookup(Z)Ljava/lang/invoke/MethodHandles$Lookup;+3 java.base@16.0.2
j  java.lang.invoke.MethodHandles$Lookup.defineHiddenClass([BZ[Ljava/lang/invoke/MethodHandles$Lookup$ClassOption;)Ljava/lang/invoke/MethodHandles$Lookup;+65 java.base@16.0.2
j  java.lang.invoke.InnerClassLambdaMetafactory.generateInnerClass()Ljava/lang/Class;+581 java.base@16.0.2
j  java.lang.invoke.InnerClassLambdaMetafactory.spinInnerClass()Ljava/lang/Class;+107 java.base@16.0.2
j  java.lang.invoke.InnerClassLambdaMetafactory.buildCallSite()Ljava/lang/invoke/CallSite;+1 java.base@16.0.2
j  java.lang.invoke.LambdaMetafactory.metafactory(Ljava/lang/invoke/MethodHandles$Lookup;Ljava/lang/String;Ljava/lang/invoke/MethodType;Ljava/lang/invoke/MethodType;Ljava/lang/invoke/MethodHandle;Ljava/lang/invoke/MethodType;)Ljava/lang/invoke/CallSite;+31 java.base@16.0.2
j  java.lang.invoke.DirectMethodHandle$Holder.invokeStatic(Ljava/lang/Object;Ljava/lang/Object;Ljava/lang/Object;Ljava/lang/Object;Ljava/lang/Object;Ljava/lang/Object;Ljava/lang/Object;)Ljava/lang/Object;+20 java.base@16.0.2
j  java.lang.invoke.Invokers$Holder.invokeExact_MT(Ljava/lang/Object;Ljava/lang/Object;Ljava/lang/Object;Ljava/lang/Object;Ljava/lang/Object;Ljava/lang/Object;Ljava/lang/Object;Ljava/lang/Object;)Ljava/lang/Object;+28 java.base@16.0.2
j  java.lang.invoke.BootstrapMethodInvoker.invoke(Ljava/lang/Class;Ljava/lang/invoke/MethodHandle;Ljava/lang/String;Ljava/lang/Object;Ljava/lang/Object;Ljava/lang/Class;)Ljava/lang/Object;+262 java.base@16.0.2
j  java.lang.invoke.CallSite.makeSite(Ljava/lang/invoke/MethodHandle;Ljava/lang/String;Ljava/lang/invoke/MethodType;Ljava/lang/Object;Ljava/lang/Class;)Ljava/lang/invoke/CallSite;+8 java.base@16.0.2
j  java.lang.invoke.MethodHandleNatives.linkCallSiteImpl(Ljava/lang/Class;Ljava/lang/invoke/MethodHandle;Ljava/lang/String;Ljava/lang/invoke/MethodType;Ljava/lang/Object;[Ljava/lang/Object;)Ljava/lang/invoke/MemberName;+6 java.base@16.0.2
j  java.lang.invoke.MethodHandleNatives.linkCallSite(Ljava/lang/Object;ILjava/lang/Object;Ljava/lang/Object;Ljava/lang/Object;Ljava/lang/Object;[Ljava/lang/Object;)Ljava/lang/invoke/MemberName;+46 java.base@16.0.2
v  ~StubRoutines::call_stub
j  org.springframework.core.annotation.RepeatableContainers$StandardRepeatableContainers.getRepeatedAnnotationsMethod(Ljava/lang/Class;)Ljava/lang/reflect/Method;+4
j  org.springframework.core.annotation.RepeatableContainers$StandardRepeatableContainers.findRepeatedAnnotations(Ljava/lang/annotation/Annotation;)[Ljava/lang/annotation/Annotation;+6
j  org.springframework.core.annotation.TypeMappedAnnotations$MergedAnnotationFinder.process(Ljava/lang/Object;ILjava/lang/Object;Ljava/lang/annotation/Annotation;)Lorg/springframework/core/annotation/MergedAnnotation;+9
j  org.springframework.core.annotation.TypeMappedAnnotations$MergedAnnotationFinder.doWithAnnotations(Ljava/lang/Object;ILjava/lang/Object;[Ljava/lang/annotation/Annotation;)Lorg/springframework/core/annotation/MergedAnnotation;+54
j  org.springframework.core.annotation.TypeMappedAnnotations$MergedAnnotationFinder.doWithAnnotations(Ljava/lang/Object;ILjava/lang/Object;[Ljava/lang/annotation/Annotation;)Ljava/lang/Object;+6
j  org.springframework.core.annotation.AnnotationsScanner.processClassHierarchy(Ljava/lang/Object;[ILjava/lang/Class;Lorg/springframework/core/annotation/AnnotationsProcessor;ZZ)Ljava/lang/Object;+44
j  org.springframework.core.annotation.AnnotationsScanner.processClassHierarchy(Ljava/lang/Object;Ljava/lang/Class;Lorg/springframework/core/annotation/AnnotationsProcessor;ZZ)Ljava/lang/Object;+13
j  org.springframework.core.annotation.AnnotationsScanner.processClass(Ljava/lang/Object;Ljava/lang/Class;Lorg/springframework/core/annotation/MergedAnnotations$SearchStrategy;Lorg/springframework/core/annotation/AnnotationsProcessor;)Ljava/lang/Object;+73
j  org.springframework.core.annotation.AnnotationsScanner.process(Ljava/lang/Object;Ljava/lang/reflect/AnnotatedElement;Lorg/springframework/core/annotation/MergedAnnotations$SearchStrategy;Lorg/springframework/core/annotation/AnnotationsProcessor;)Ljava/lang/Object;+14
j  org.springframework.core.annotation.AnnotationsScanner.scan(Ljava/lang/Object;Ljava/lang/reflect/AnnotatedElement;Lorg/springframework/core/annotation/MergedAnnotations$SearchStrategy;Lorg/springframework/core/annotation/AnnotationsProcessor;)Ljava/lang/Object;+4
j  org.springframework.core.annotation.TypeMappedAnnotations.scan(Ljava/lang/Object;Lorg/springframework/core/annotation/AnnotationsProcessor;)Ljava/lang/Object;+56
j  org.springframework.core.annotation.TypeMappedAnnotations.get(Ljava/lang/Class;Ljava/util/function/Predicate;Lorg/springframework/core/annotation/MergedAnnotationSelector;)Lorg/springframework/core/annotation/MergedAnnotation;+30
j  org.springframework.core.annotation.TypeMappedAnnotations.get(Ljava/lang/Class;)Lorg/springframework/core/annotation/MergedAnnotation;+4
j  org.springframework.core.annotation.OrderUtils.findOrder(Lorg/springframework/core/annotation/MergedAnnotations;)Ljava/lang/Integer;+3
j  org.springframework.core.annotation.OrderUtils.getOrderFromAnnotations(Ljava/lang/reflect/AnnotatedElement;Lorg/springframework/core/annotation/MergedAnnotations;)Ljava/lang/Integer;+43
j  org.springframework.core.annotation.AnnotationAwareOrderComparator.findOrderFromAnnotation(Ljava/lang/Object;)Ljava/lang/Integer;+29
j  org.springframework.core.annotation.AnnotationAwareOrderComparator.findOrder(Ljava/lang/Object;)Ljava/lang/Integer;+14
j  org.springframework.core.OrderComparator.getOrder(Ljava/lang/Object;)I+6
j  org.springframework.core.OrderComparator.getOrder(Ljava/lang/Object;Lorg/springframework/core/OrderComparator$OrderSourceProvider;)I+107
j  org.springframework.core.OrderComparator.doCompare(Ljava/lang/Object;Ljava/lang/Object;Lorg/springframework/core/OrderComparator$OrderSourceProvider;)I+47
j  org.springframework.core.OrderComparator.compare(Ljava/lang/Object;Ljava/lang/Object;)I+4
j  java.util.TimSort.countRunAndMakeAscending([Ljava/lang/Object;IILjava/util/Comparator;)I+43 java.base@16.0.2
j  java.util.TimSort.sort([Ljava/lang/Object;IILjava/util/Comparator;[Ljava/lang/Object;II)V+60 java.base@16.0.2
j  java.util.Arrays.sort([Ljava/lang/Object;IILjava/util/Comparator;)V+43 java.base@16.0.2
j  java.util.ArrayList.sort(Ljava/util/Comparator;)V+15 java.base@16.0.2
j  org.springframework.core.annotation.AnnotationAwareOrderComparator.sort(Ljava/util/List;)V+14
j  org.springframework.boot.SpringApplication.getSpringFactoriesInstances(Ljava/lang/Class;[Ljava/lang/Class;[Ljava/lang/Object;)Ljava/util/Collection;+36
j  org.springframework.boot.SpringApplication.getSpringFactoriesInstances(Ljava/lang/Class;)Ljava/util/Collection;+10
j  org.springframework.boot.SpringApplication.<init>(Lorg/springframework/core/io/ResourceLoader;[Ljava/lang/Class;)V+133
j  org.springframework.boot.SpringApplication.<init>([Ljava/lang/Class;)V+3
j  org.springframework.boot.SpringApplication.run([Ljava/lang/Class;[Ljava/lang/String;)Lorg/springframework/context/ConfigurableApplicationContext;+5
j  org.springframework.boot.SpringApplication.run(Ljava/lang/Class;[Ljava/lang/String;)Lorg/springframework/context/ConfigurableApplicationContext;+9
j  com.cities.distance.citiesAPI.CitiesApiApplication.main([Ljava/lang/String;)V+3
v  ~StubRoutines::call_stub

---------------  P R O C E S S  ---------------

Threads class SMR info:
_java_thread_list=0x0000020883a00940, length=13, elements={
0x00000208e278bae0, 0x00000208ffe1bb10, 0x00000208ffe1c9d0, 0x00000208ffe2dcd0,
0x00000208ffe2e8d0, 0x00000208ffe323f0, 0x00000208ffe32df0, 0x00000208ffe370d0,
0x00000208ffe42bf0, 0x00000208ffe47a40, 0x0000020883a1ff60, 0x0000020883a264a0,
0x0000020883ab8000
}

Java Threads: ( => current thread )
=>0x00000208e278bae0 JavaThread "main" [_thread_in_vm, id=6364, stack(0x0000005af8e00000,0x0000005af8f00000)]
  0x00000208ffe1bb10 JavaThread "Reference Handler" daemon [_thread_blocked, id=11688, stack(0x0000005af9500000,0x0000005af9600000)]
  0x00000208ffe1c9d0 JavaThread "Finalizer" daemon [_thread_blocked, id=16608, stack(0x0000005af9600000,0x0000005af9700000)]
  0x00000208ffe2dcd0 JavaThread "Signal Dispatcher" daemon [_thread_blocked, id=16024, stack(0x0000005af9700000,0x0000005af9800000)]
  0x00000208ffe2e8d0 JavaThread "Attach Listener" daemon [_thread_blocked, id=15288, stack(0x0000005af9800000,0x0000005af9900000)]
  0x00000208ffe323f0 JavaThread "Service Thread" daemon [_thread_blocked, id=14136, stack(0x0000005af9900000,0x0000005af9a00000)]
  0x00000208ffe32df0 JavaThread "Monitor Deflation Thread" daemon [_thread_blocked, id=9908, stack(0x0000005af9a00000,0x0000005af9b00000)]
  0x00000208ffe370d0 JavaThread "C2 CompilerThread0" daemon [_thread_blocked, id=16060, stack(0x0000005af9b00000,0x0000005af9c00000)]
  0x00000208ffe42bf0 JavaThread "C1 CompilerThread0" daemon [_thread_blocked, id=17940, stack(0x0000005af9c00000,0x0000005af9d00000)]
  0x00000208ffe47a40 JavaThread "Sweeper thread" daemon [_thread_blocked, id=18748, stack(0x0000005af9d00000,0x0000005af9e00000)]
  0x0000020883a1ff60 JavaThread "Notification Thread" daemon [_thread_blocked, id=12116, stack(0x0000005af9e00000,0x0000005af9f00000)]
  0x0000020883a264a0 JavaThread "Common-Cleaner" daemon [_thread_blocked, id=2036, stack(0x0000005afa000000,0x0000005afa100000)]
  0x0000020883ab8000 JavaThread "C2 CompilerThread1" daemon [_thread_blocked, id=12624, stack(0x0000005afa100000,0x0000005afa200000)]

Other Threads:
  0x00000208ffe14eb0 VMThread "VM Thread" [stack: 0x0000005af9400000,0x0000005af9500000] [id=9968]
  0x0000020883a20890 WatcherThread [stack: 0x0000005af9f00000,0x0000005afa000000] [id=4000]
  0x00000208e27cf4b0 GCTaskThread "GC Thread#0" [stack: 0x0000005af8f00000,0x0000005af9000000] [id=16152]
  0x00000208e27dd410 ConcurrentGCThread "G1 Main Marker" [stack: 0x0000005af9000000,0x0000005af9100000] [id=1492]
  0x00000208e27de620 ConcurrentGCThread "G1 Conc#0" [stack: 0x0000005af9100000,0x0000005af9200000] [id=20160]
  0x00000208e28547f0 ConcurrentGCThread "G1 Refine#0" [stack: 0x0000005af9200000,0x0000005af9300000] [id=3948]
  0x00000208ffcd2410 ConcurrentGCThread "G1 Service" [stack: 0x0000005af9300000,0x0000005af9400000] [id=11348]

Threads with active compile tasks:

VM state: not at safepoint (normal execution)

VM Mutex/Monitor currently owned by a thread:  ([mutex/lock_event])
[0x00000208e2786da0] MetaspaceExpand_lock - owner thread: 0x00000208e278bae0

Heap address: 0x0000000741600000, size: 3050 MB, Compressed Oops mode: Zero based, Oop shift amount: 3

CDS archive(s) mapped at: [0x0000000800000000-0x0000000800bb0000-0x0000000800bb0000), size 12255232, SharedBaseAddress: 0x0000000800000000, ArchiveRelocationMode: 0.
Compressed class space mapped at: 0x0000000800c00000-0x0000000840c00000, reserved size: 1073741824
Narrow klass base: 0x0000000800000000, Narrow klass shift: 3, Narrow klass range: 0x100000000

GC Precious Log:
 CPUs: 8 total, 8 available
 Memory: 12197M
 Large Page Support: Disabled
 NUMA Support: Disabled
 Compressed Oops: Enabled (Zero based)
 Heap Region Size: 2M
 Heap Min Capacity: 8M
 Heap Initial Capacity: 192M
 Heap Max Capacity: 3050M
 Pre-touch: Disabled
 Parallel Workers: 8
 Concurrent Workers: 2
 Concurrent Refinement Workers: 8
 Periodic GC: Disabled

Heap:
 garbage-first heap   total 196608K, used 14336K [0x0000000741600000, 0x0000000800000000)
  region size 2048K, 8 young (16384K), 0 survivors (0K)
 Metaspace       used 3439K, committed 3520K, reserved 1056768K
  class space    used 345K, committed 384K, reserved 1048576K

Heap Regions: E=young(eden), S=young(survivor), O=old, HS=humongous(starts), HC=humongous(continues), CS=collection set, F=free, OA=open archive, CA=closed archive, TAMS=top-at-mark-start (previous, next)
|   0|0x0000000741600000, 0x0000000741600000, 0x0000000741800000|  0%| F|  |TAMS 0x0000000741600000, 0x0000000741600000| Untracked 
|   1|0x0000000741800000, 0x0000000741800000, 0x0000000741a00000|  0%| F|  |TAMS 0x0000000741800000, 0x0000000741800000| Untracked 
|   2|0x0000000741a00000, 0x0000000741a00000, 0x0000000741c00000|  0%| F|  |TAMS 0x0000000741a00000, 0x0000000741a00000| Untracked 
|   3|0x0000000741c00000, 0x0000000741c00000, 0x0000000741e00000|  0%| F|  |TAMS 0x0000000741c00000, 0x0000000741c00000| Untracked 
|   4|0x0000000741e00000, 0x0000000741e00000, 0x0000000742000000|  0%| F|  |TAMS 0x0000000741e00000, 0x0000000741e00000| Untracked 
|   5|0x0000000742000000, 0x0000000742000000, 0x0000000742200000|  0%| F|  |TAMS 0x0000000742000000, 0x0000000742000000| Untracked 
|   6|0x0000000742200000, 0x0000000742200000, 0x0000000742400000|  0%| F|  |TAMS 0x0000000742200000, 0x0000000742200000| Untracked 
|   7|0x0000000742400000, 0x0000000742400000, 0x0000000742600000|  0%| F|  |TAMS 0x0000000742400000, 0x0000000742400000| Untracked 
|   8|0x0000000742600000, 0x0000000742600000, 0x0000000742800000|  0%| F|  |TAMS 0x0000000742600000, 0x0000000742600000| Untracked 
|   9|0x0000000742800000, 0x0000000742800000, 0x0000000742a00000|  0%| F|  |TAMS 0x0000000742800000, 0x0000000742800000| Untracked 
|  10|0x0000000742a00000, 0x0000000742a00000, 0x0000000742c00000|  0%| F|  |TAMS 0x0000000742a00000, 0x0000000742a00000| Untracked 
|  11|0x0000000742c00000, 0x0000000742c00000, 0x0000000742e00000|  0%| F|  |TAMS 0x0000000742c00000, 0x0000000742c00000| Untracked 
|  12|0x0000000742e00000, 0x0000000742e00000, 0x0000000743000000|  0%| F|  |TAMS 0x0000000742e00000, 0x0000000742e00000| Untracked 
|  13|0x0000000743000000, 0x0000000743000000, 0x0000000743200000|  0%| F|  |TAMS 0x0000000743000000, 0x0000000743000000| Untracked 
|  14|0x0000000743200000, 0x0000000743200000, 0x0000000743400000|  0%| F|  |TAMS 0x0000000743200000, 0x0000000743200000| Untracked 
|  15|0x0000000743400000, 0x0000000743400000, 0x0000000743600000|  0%| F|  |TAMS 0x0000000743400000, 0x0000000743400000| Untracked 
|  16|0x0000000743600000, 0x0000000743600000, 0x0000000743800000|  0%| F|  |TAMS 0x0000000743600000, 0x0000000743600000| Untracked 
|  17|0x0000000743800000, 0x0000000743800000, 0x0000000743a00000|  0%| F|  |TAMS 0x0000000743800000, 0x0000000743800000| Untracked 
|  18|0x0000000743a00000, 0x0000000743a00000, 0x0000000743c00000|  0%| F|  |TAMS 0x0000000743a00000, 0x0000000743a00000| Untracked 
|  19|0x0000000743c00000, 0x0000000743c00000, 0x0000000743e00000|  0%| F|  |TAMS 0x0000000743c00000, 0x0000000743c00000| Untracked 
|  20|0x0000000743e00000, 0x0000000743e00000, 0x0000000744000000|  0%| F|  |TAMS 0x0000000743e00000, 0x0000000743e00000| Untracked 
|  21|0x0000000744000000, 0x0000000744000000, 0x0000000744200000|  0%| F|  |TAMS 0x0000000744000000, 0x0000000744000000| Untracked 
|  22|0x0000000744200000, 0x0000000744200000, 0x0000000744400000|  0%| F|  |TAMS 0x0000000744200000, 0x0000000744200000| Untracked 
|  23|0x0000000744400000, 0x0000000744400000, 0x0000000744600000|  0%| F|  |TAMS 0x0000000744400000, 0x0000000744400000| Untracked 
|  24|0x0000000744600000, 0x0000000744600000, 0x0000000744800000|  0%| F|  |TAMS 0x0000000744600000, 0x0000000744600000| Untracked 
|  25|0x0000000744800000, 0x0000000744800000, 0x0000000744a00000|  0%| F|  |TAMS 0x0000000744800000, 0x0000000744800000| Untracked 
|  26|0x0000000744a00000, 0x0000000744a00000, 0x0000000744c00000|  0%| F|  |TAMS 0x0000000744a00000, 0x0000000744a00000| Untracked 
|  27|0x0000000744c00000, 0x0000000744c00000, 0x0000000744e00000|  0%| F|  |TAMS 0x0000000744c00000, 0x0000000744c00000| Untracked 
|  28|0x0000000744e00000, 0x0000000744e00000, 0x0000000745000000|  0%| F|  |TAMS 0x0000000744e00000, 0x0000000744e00000| Untracked 
|  29|0x0000000745000000, 0x0000000745000000, 0x0000000745200000|  0%| F|  |TAMS 0x0000000745000000, 0x0000000745000000| Untracked 
|  30|0x0000000745200000, 0x0000000745200000, 0x0000000745400000|  0%| F|  |TAMS 0x0000000745200000, 0x0000000745200000| Untracked 
|  31|0x0000000745400000, 0x0000000745400000, 0x0000000745600000|  0%| F|  |TAMS 0x0000000745400000, 0x0000000745400000| Untracked 
|  32|0x0000000745600000, 0x0000000745600000, 0x0000000745800000|  0%| F|  |TAMS 0x0000000745600000, 0x0000000745600000| Untracked 
|  33|0x0000000745800000, 0x0000000745800000, 0x0000000745a00000|  0%| F|  |TAMS 0x0000000745800000, 0x0000000745800000| Untracked 
|  34|0x0000000745a00000, 0x0000000745a00000, 0x0000000745c00000|  0%| F|  |TAMS 0x0000000745a00000, 0x0000000745a00000| Untracked 
|  35|0x0000000745c00000, 0x0000000745c00000, 0x0000000745e00000|  0%| F|  |TAMS 0x0000000745c00000, 0x0000000745c00000| Untracked 
|  36|0x0000000745e00000, 0x0000000745e00000, 0x0000000746000000|  0%| F|  |TAMS 0x0000000745e00000, 0x0000000745e00000| Untracked 
|  37|0x0000000746000000, 0x0000000746000000, 0x0000000746200000|  0%| F|  |TAMS 0x0000000746000000, 0x0000000746000000| Untracked 
|  38|0x0000000746200000, 0x0000000746200000, 0x0000000746400000|  0%| F|  |TAMS 0x0000000746200000, 0x0000000746200000| Untracked 
|  39|0x0000000746400000, 0x0000000746400000, 0x0000000746600000|  0%| F|  |TAMS 0x0000000746400000, 0x0000000746400000| Untracked 
|  40|0x0000000746600000, 0x0000000746600000, 0x0000000746800000|  0%| F|  |TAMS 0x0000000746600000, 0x0000000746600000| Untracked 
|  41|0x0000000746800000, 0x0000000746800000, 0x0000000746a00000|  0%| F|  |TAMS 0x0000000746800000, 0x0000000746800000| Untracked 
|  42|0x0000000746a00000, 0x0000000746a00000, 0x0000000746c00000|  0%| F|  |TAMS 0x0000000746a00000, 0x0000000746a00000| Untracked 
|  43|0x0000000746c00000, 0x0000000746c00000, 0x0000000746e00000|  0%| F|  |TAMS 0x0000000746c00000, 0x0000000746c00000| Untracked 
|  44|0x0000000746e00000, 0x0000000746e00000, 0x0000000747000000|  0%| F|  |TAMS 0x0000000746e00000, 0x0000000746e00000| Untracked 
|  45|0x0000000747000000, 0x0000000747000000, 0x0000000747200000|  0%| F|  |TAMS 0x0000000747000000, 0x0000000747000000| Untracked 
|  46|0x0000000747200000, 0x0000000747200000, 0x0000000747400000|  0%| F|  |TAMS 0x0000000747200000, 0x0000000747200000| Untracked 
|  47|0x0000000747400000, 0x0000000747400000, 0x0000000747600000|  0%| F|  |TAMS 0x0000000747400000, 0x0000000747400000| Untracked 
|  48|0x0000000747600000, 0x0000000747600000, 0x0000000747800000|  0%| F|  |TAMS 0x0000000747600000, 0x0000000747600000| Untracked 
|  49|0x0000000747800000, 0x0000000747800000, 0x0000000747a00000|  0%| F|  |TAMS 0x0000000747800000, 0x0000000747800000| Untracked 
|  50|0x0000000747a00000, 0x0000000747a00000, 0x0000000747c00000|  0%| F|  |TAMS 0x0000000747a00000, 0x0000000747a00000| Untracked 
|  51|0x0000000747c00000, 0x0000000747c00000, 0x0000000747e00000|  0%| F|  |TAMS 0x0000000747c00000, 0x0000000747c00000| Untracked 
|  52|0x0000000747e00000, 0x0000000747e00000, 0x0000000748000000|  0%| F|  |TAMS 0x0000000747e00000, 0x0000000747e00000| Untracked 
|  53|0x0000000748000000, 0x0000000748000000, 0x0000000748200000|  0%| F|  |TAMS 0x0000000748000000, 0x0000000748000000| Untracked 
|  54|0x0000000748200000, 0x0000000748200000, 0x0000000748400000|  0%| F|  |TAMS 0x0000000748200000, 0x0000000748200000| Untracked 
|  55|0x0000000748400000, 0x0000000748400000, 0x0000000748600000|  0%| F|  |TAMS 0x0000000748400000, 0x0000000748400000| Untracked 
|  56|0x0000000748600000, 0x0000000748600000, 0x0000000748800000|  0%| F|  |TAMS 0x0000000748600000, 0x0000000748600000| Untracked 
|  57|0x0000000748800000, 0x0000000748800000, 0x0000000748a00000|  0%| F|  |TAMS 0x0000000748800000, 0x0000000748800000| Untracked 
|  58|0x0000000748a00000, 0x0000000748a00000, 0x0000000748c00000|  0%| F|  |TAMS 0x0000000748a00000, 0x0000000748a00000| Untracked 
|  59|0x0000000748c00000, 0x0000000748c00000, 0x0000000748e00000|  0%| F|  |TAMS 0x0000000748c00000, 0x0000000748c00000| Untracked 
|  60|0x0000000748e00000, 0x0000000748e00000, 0x0000000749000000|  0%| F|  |TAMS 0x0000000748e00000, 0x0000000748e00000| Untracked 
|  61|0x0000000749000000, 0x0000000749000000, 0x0000000749200000|  0%| F|  |TAMS 0x0000000749000000, 0x0000000749000000| Untracked 
|  62|0x0000000749200000, 0x0000000749200000, 0x0000000749400000|  0%| F|  |TAMS 0x0000000749200000, 0x0000000749200000| Untracked 
|  63|0x0000000749400000, 0x0000000749400000, 0x0000000749600000|  0%| F|  |TAMS 0x0000000749400000, 0x0000000749400000| Untracked 
|  64|0x0000000749600000, 0x0000000749600000, 0x0000000749800000|  0%| F|  |TAMS 0x0000000749600000, 0x0000000749600000| Untracked 
|  65|0x0000000749800000, 0x0000000749800000, 0x0000000749a00000|  0%| F|  |TAMS 0x0000000749800000, 0x0000000749800000| Untracked 
|  66|0x0000000749a00000, 0x0000000749a00000, 0x0000000749c00000|  0%| F|  |TAMS 0x0000000749a00000, 0x0000000749a00000| Untracked 
|  67|0x0000000749c00000, 0x0000000749c00000, 0x0000000749e00000|  0%| F|  |TAMS 0x0000000749c00000, 0x0000000749c00000| Untracked 
|  68|0x0000000749e00000, 0x0000000749e00000, 0x000000074a000000|  0%| F|  |TAMS 0x0000000749e00000, 0x0000000749e00000| Untracked 
|  69|0x000000074a000000, 0x000000074a000000, 0x000000074a200000|  0%| F|  |TAMS 0x000000074a000000, 0x000000074a000000| Untracked 
|  70|0x000000074a200000, 0x000000074a200000, 0x000000074a400000|  0%| F|  |TAMS 0x000000074a200000, 0x000000074a200000| Untracked 
|  71|0x000000074a400000, 0x000000074a400000, 0x000000074a600000|  0%| F|  |TAMS 0x000000074a400000, 0x000000074a400000| Untracked 
|  72|0x000000074a600000, 0x000000074a600000, 0x000000074a800000|  0%| F|  |TAMS 0x000000074a600000, 0x000000074a600000| Untracked 
|  73|0x000000074a800000, 0x000000074a800000, 0x000000074aa00000|  0%| F|  |TAMS 0x000000074a800000, 0x000000074a800000| Untracked 
|  74|0x000000074aa00000, 0x000000074aa00000, 0x000000074ac00000|  0%| F|  |TAMS 0x000000074aa00000, 0x000000074aa00000| Untracked 
|  75|0x000000074ac00000, 0x000000074ac00000, 0x000000074ae00000|  0%| F|  |TAMS 0x000000074ac00000, 0x000000074ac00000| Untracked 
|  76|0x000000074ae00000, 0x000000074ae00000, 0x000000074b000000|  0%| F|  |TAMS 0x000000074ae00000, 0x000000074ae00000| Untracked 
|  77|0x000000074b000000, 0x000000074b000000, 0x000000074b200000|  0%| F|  |TAMS 0x000000074b000000, 0x000000074b000000| Untracked 
|  78|0x000000074b200000, 0x000000074b200000, 0x000000074b400000|  0%| F|  |TAMS 0x000000074b200000, 0x000000074b200000| Untracked 
|  79|0x000000074b400000, 0x000000074b400000, 0x000000074b600000|  0%| F|  |TAMS 0x000000074b400000, 0x000000074b400000| Untracked 
|  80|0x000000074b600000, 0x000000074b600000, 0x000000074b800000|  0%| F|  |TAMS 0x000000074b600000, 0x000000074b600000| Untracked 
|  81|0x000000074b800000, 0x000000074b800000, 0x000000074ba00000|  0%| F|  |TAMS 0x000000074b800000, 0x000000074b800000| Untracked 
|  82|0x000000074ba00000, 0x000000074ba00000, 0x000000074bc00000|  0%| F|  |TAMS 0x000000074ba00000, 0x000000074ba00000| Untracked 
|  83|0x000000074bc00000, 0x000000074bc00000, 0x000000074be00000|  0%| F|  |TAMS 0x000000074bc00000, 0x000000074bc00000| Untracked 
|  84|0x000000074be00000, 0x000000074be00000, 0x000000074c000000|  0%| F|  |TAMS 0x000000074be00000, 0x000000074be00000| Untracked 
|  85|0x000000074c000000, 0x000000074c000000, 0x000000074c200000|  0%| F|  |TAMS 0x000000074c000000, 0x000000074c000000| Untracked 
|  86|0x000000074c200000, 0x000000074c200000, 0x000000074c400000|  0%| F|  |TAMS 0x000000074c200000, 0x000000074c200000| Untracked 
|  87|0x000000074c400000, 0x000000074c400000, 0x000000074c600000|  0%| F|  |TAMS 0x000000074c400000, 0x000000074c400000| Untracked 
|  88|0x000000074c600000, 0x000000074c7c7a48, 0x000000074c800000| 88%| E|  |TAMS 0x000000074c600000, 0x000000074c600000| Complete 
|  89|0x000000074c800000, 0x000000074ca00000, 0x000000074ca00000|100%| E|CS|TAMS 0x000000074c800000, 0x000000074c800000| Complete 
|  90|0x000000074ca00000, 0x000000074cc00000, 0x000000074cc00000|100%| E|CS|TAMS 0x000000074ca00000, 0x000000074ca00000| Complete 
|  91|0x000000074cc00000, 0x000000074ce00000, 0x000000074ce00000|100%| E|CS|TAMS 0x000000074cc00000, 0x000000074cc00000| Complete 
|  92|0x000000074ce00000, 0x000000074d000000, 0x000000074d000000|100%| E|CS|TAMS 0x000000074ce00000, 0x000000074ce00000| Complete 
|  93|0x000000074d000000, 0x000000074d200000, 0x000000074d200000|100%| E|CS|TAMS 0x000000074d000000, 0x000000074d000000| Complete 
|  94|0x000000074d200000, 0x000000074d400000, 0x000000074d400000|100%| E|CS|TAMS 0x000000074d200000, 0x000000074d200000| Complete 
|  95|0x000000074d400000, 0x000000074d600000, 0x000000074d600000|100%| E|CS|TAMS 0x000000074d400000, 0x000000074d400000| Complete 

Card table byte_map: [0x00000208f9840000,0x00000208f9e40000] _byte_map_base: 0x00000208f5e35000

Marking Bits (Prev, Next): (CMBitMap*) 0x00000208e27cfba0, (CMBitMap*) 0x00000208e27cfbe0
 Prev Bits: [0x00000208fa440000, 0x00000208fd3e8000)
 Next Bits: [0x0000020880000000, 0x0000020882fa8000)

Polling page: 0x00000208e05e0000

Metaspace:

Usage:
  Non-class:      3.02 MB used.
      Class:    345.08 KB used.
       Both:      3.36 MB used.

Virtual space:
  Non-class space:        8.00 MB reserved,       3.06 MB ( 38%) committed,  1 nodes.
      Class space:        1.00 GB reserved,     384.00 KB ( <1%) committed,  1 nodes.
              Both:        1.01 GB reserved,       3.44 MB ( <1%) committed. 

Chunk freelists:
   Non-Class:  2.70 MB
       Class:  3.55 MB
        Both:  6.25 MB

MaxMetaspaceSize: 17179869184.00 GB
CompressedClassSpaceSize: 1.00 GB
 - commit_granule_bytes: 65536.
 - commit_granule_words: 8192.
 - virtual_space_node_default_size: 1048576.
 - enlarge_chunks_in_place: 1.
 - new_chunks_are_fully_committed: 0.
 - uncommit_free_chunks: 1.
 - use_allocation_guard: 0.
 - handle_deallocations: 1.


Internal statistics:

num_allocs_failed_limit: 0.
num_arena_births: 26.
num_arena_deaths: 0.
num_vsnodes_births: 2.
num_vsnodes_deaths: 0.
num_space_committed: 55.
num_space_uncommitted: 0.
num_chunks_returned_to_freelist: 0.
num_chunks_taken_from_freelist: 94.
num_chunk_merges: 0.
num_chunk_splits: 61.
num_chunks_enlarged: 49.
num_purges: 0.

CodeHeap 'non-profiled nmethods': size=120000Kb used=268Kb max_used=268Kb free=119731Kb
 bounds [0x00000208f19d0000, 0x00000208f1c40000, 0x00000208f8f00000]
CodeHeap 'profiled nmethods': size=120000Kb used=1424Kb max_used=1424Kb free=118575Kb
 bounds [0x00000208ea4a0000, 0x00000208ea710000, 0x00000208f19d0000]
CodeHeap 'non-nmethods': size=5760Kb used=1148Kb max_used=1180Kb free=4611Kb
 bounds [0x00000208e9f00000, 0x00000208ea170000, 0x00000208ea4a0000]
 total_blobs=1173 nmethods=742 adapters=344
 compilation: enabled
              stopped_count=0, restarted_count=0
 full_count=0

Compilation events (20 events):
Event: 0.610 Thread 0x00000208ffe42bf0  733       3       java.lang.invoke.LambdaForm$MH/0x0000000800c10400::invoke (8 bytes)
Event: 0.610 Thread 0x00000208ffe42bf0 nmethod 733 0x00000208ea5fc210 code [0x00000208ea5fc3c0, 0x00000208ea5fc638]
Event: 0.610 Thread 0x00000208ffe42bf0  734       3       java.util.HashMap::computeIfAbsent (330 bytes)
Event: 0.611 Thread 0x00000208ffe42bf0 nmethod 734 0x00000208ea5fc710 code [0x00000208ea5fca20, 0x00000208ea5fe0e8]
Event: 0.611 Thread 0x00000208ffe42bf0  736       3       jdk.internal.org.objectweb.asm.SymbolTable::addType (81 bytes)
Event: 0.611 Thread 0x00000208ffe42bf0 nmethod 736 0x00000208ea5fe710 code [0x00000208ea5fe920, 0x00000208ea5fee78]
Event: 0.611 Thread 0x00000208ffe42bf0  735       3       java.util.ArrayList$Itr::hasNext (20 bytes)
Event: 0.611 Thread 0x00000208ffe42bf0 nmethod 735 0x00000208ea5ff110 code [0x00000208ea5ff2a0, 0x00000208ea5ff418]
Event: 0.611 Thread 0x00000208ffe42bf0  732       3       java.util.ImmutableCollections$SetN::contains (26 bytes)
Event: 0.612 Thread 0x00000208ffe42bf0 nmethod 732 0x00000208ea5ff510 code [0x00000208ea5ff6e0, 0x00000208ea5ffa18]
Event: 0.612 Thread 0x00000208ffe42bf0  738       3       java.lang.invoke.LambdaForm$BasicType::basicType (19 bytes)
Event: 0.613 Thread 0x00000208ffe42bf0 nmethod 738 0x00000208ea5ffb10 code [0x00000208ea5ffce0, 0x00000208ea5fff38]
Event: 0.613 Thread 0x00000208ffe42bf0  741       3       jdk.internal.org.objectweb.asm.SymbolTable::addConstantMemberReference (147 bytes)
Event: 0.613 Thread 0x00000208ffe42bf0 nmethod 741 0x00000208ea600090 code [0x00000208ea600320, 0x00000208ea600c08]
Event: 0.613 Thread 0x00000208ffe42bf0  742       3       jdk.internal.org.objectweb.asm.MethodWriter::visitVarInsn (302 bytes)
Event: 0.614 Thread 0x00000208ffe42bf0 nmethod 742 0x00000208ea601110 code [0x00000208ea601360, 0x00000208ea601d08]
Event: 0.614 Thread 0x00000208ffe42bf0  740       3       jdk.internal.org.objectweb.asm.Frame::pop (44 bytes)
Event: 0.614 Thread 0x00000208ffe42bf0 nmethod 740 0x00000208ea601f90 code [0x00000208ea602140, 0x00000208ea6022d8]
Event: 0.614 Thread 0x00000208ffe42bf0  743       3       sun.invoke.util.VerifyAccess::isSamePackage (32 bytes)
Event: 0.615 Thread 0x00000208ffe42bf0 nmethod 743 0x00000208ea602390 code [0x00000208ea6026c0, 0x00000208ea603c88]

GC Heap History (0 events):
No events

Deoptimization events (20 events):
Event: 0.417 Thread 0x00000208e278bae0 Uncommon trap: trap_request=0xffffff45 fr.pc=0x00000208f19dc47c relative=0x000000000000005c
Event: 0.417 Thread 0x00000208e278bae0 Uncommon trap: reason=unstable_if action=reinterpret pc=0x00000208f19dc47c method=java.lang.AbstractStringBuilder.isLatin1()Z @ 10 c2
Event: 0.417 Thread 0x00000208e278bae0 DEOPT PACKING pc=0x00000208f19dc47c sp=0x0000005af8efd3c0
Event: 0.417 Thread 0x00000208e278bae0 DEOPT UNPACKING pc=0x00000208e9f4d72e sp=0x0000005af8efd350 mode 2
Event: 0.438 Thread 0x00000208e278bae0 Uncommon trap: trap_request=0xffffff45 fr.pc=0x00000208f19dab38 relative=0x0000000000000038
Event: 0.438 Thread 0x00000208e278bae0 Uncommon trap: reason=unstable_if action=reinterpret pc=0x00000208f19dab38 method=java.lang.StringLatin1.canEncode(I)Z @ 4 c2
Event: 0.438 Thread 0x00000208e278bae0 DEOPT PACKING pc=0x00000208f19dab38 sp=0x0000005af8efc940
Event: 0.438 Thread 0x00000208e278bae0 DEOPT UNPACKING pc=0x00000208e9f4d72e sp=0x0000005af8efc8d0 mode 2
Event: 0.452 Thread 0x00000208e278bae0 DEOPT PACKING pc=0x00000208ea4c68be sp=0x0000005af8efcb00
Event: 0.452 Thread 0x00000208e278bae0 DEOPT UNPACKING pc=0x00000208e9f4dece sp=0x0000005af8efbf78 mode 0
Event: 0.480 Thread 0x00000208e278bae0 DEOPT PACKING pc=0x00000208ea500570 sp=0x0000005af8efdc80
Event: 0.480 Thread 0x00000208e278bae0 DEOPT UNPACKING pc=0x00000208e9f4dece sp=0x0000005af8efd0e0 mode 0
Event: 0.482 Thread 0x00000208e278bae0 DEOPT PACKING pc=0x00000208ea4c68be sp=0x0000005af8efc2b0
Event: 0.482 Thread 0x00000208e278bae0 DEOPT UNPACKING pc=0x00000208e9f4dece sp=0x0000005af8efb728 mode 0
Event: 0.491 Thread 0x00000208e278bae0 DEOPT PACKING pc=0x00000208ea4cd6d6 sp=0x0000005af8eface0
Event: 0.491 Thread 0x00000208e278bae0 DEOPT UNPACKING pc=0x00000208e9f4dece sp=0x0000005af8efa180 mode 0
Event: 0.498 Thread 0x00000208e278bae0 Uncommon trap: trap_request=0xffffff45 fr.pc=0x00000208f19d9984 relative=0x0000000000000064
Event: 0.498 Thread 0x00000208e278bae0 Uncommon trap: reason=unstable_if action=reinterpret pc=0x00000208f19d9984 method=java.io.WinNTFileSystem.isSlash(C)Z @ 9 c2
Event: 0.498 Thread 0x00000208e278bae0 DEOPT PACKING pc=0x00000208f19d9984 sp=0x0000005af8efe830
Event: 0.498 Thread 0x00000208e278bae0 DEOPT UNPACKING pc=0x00000208e9f4d72e sp=0x0000005af8efe7b8 mode 2

Classes unloaded (0 events):
No events

Classes redefined (0 events):
No events

Internal exceptions (7 events):
Event: 0.325 Thread 0x00000208e278bae0 Exception <a 'java/lang/ClassNotFoundException'{0x000000074cc01660}: javax/smartcardio/CardPermission> (0x000000074cc01660) 
thrown [t:\workspace\open\src\hotspot\share\classfile\systemDictionary.cpp, line 256]
Event: 0.329 Thread 0x00000208e278bae0 Exception <a 'java/io/FileNotFoundException'{0x000000074cc0fa88}> (0x000000074cc0fa88) 
thrown [t:\workspace\open\src\hotspot\share\prims\jni.cpp, line 579]
Event: 0.343 Thread 0x00000208e278bae0 Exception <a 'java/lang/NoSuchMethodError'{0x000000074cc425b0}: 'void java.lang.invoke.DirectMethodHandle$Holder.invokeSpecial(java.lang.Object, java.lang.Object, java.lang.Object)'> (0x000000074cc425b0) 
thrown [t:\workspace\open\src\hotspot\share\interpreter\linkResolver.cpp, line 790]
Event: 0.517 Thread 0x00000208e278bae0 Exception <a 'java/lang/NoSuchMethodError'{0x000000074c8d6410}: 'java.lang.Object java.lang.invoke.DirectMethodHandle$Holder.invokeSpecialIFC(java.lang.Object, java.lang.Object, java.lang.Object, java.lang.Object)'> (0x000000074c8d6410) 
thrown [t:\workspace\open\src\hotspot\share\interpreter\linkResolver.cpp, line 790]
Event: 0.530 Thread 0x00000208e278bae0 Exception <a 'java/lang/NoSuchMethodError'{0x000000074c918bd0}: 'int java.lang.invoke.DirectMethodHandle$Holder.invokeVirtual(java.lang.Object, java.lang.Object, java.lang.Object)'> (0x000000074c918bd0) 
thrown [t:\workspace\open\src\hotspot\share\interpreter\linkResolver.cpp, line 790]
Event: 0.547 Thread 0x00000208e278bae0 Exception <a 'java/lang/NoSuchMethodError'{0x000000074c99bd80}: 'int java.lang.invoke.DirectMethodHandle$Holder.invokeStaticInit(java.lang.Object, java.lang.Object)'> (0x000000074c99bd80) 
thrown [t:\workspace\open\src\hotspot\share\interpreter\linkResolver.cpp, line 790]
Event: 0.612 Thread 0x00000208e278bae0 Exception <a 'java/lang/NoSuchMethodError'{0x000000074c7ac318}: 'int java.lang.invoke.DirectMethodHandle$Holder.invokeStaticInit(java.lang.Object, java.lang.Object, java.lang.Object)'> (0x000000074c7ac318) 
thrown [t:\workspace\open\src\hotspot\share\interpreter\linkResolver.cpp, line 790]

Events (20 events):
Event: 0.599 loading class sun/reflect/generics/tree/FormalTypeParameter
Event: 0.599 loading class sun/reflect/generics/tree/FormalTypeParameter done
Event: 0.599 loading class sun/reflect/generics/tree/ClassSignature
Event: 0.599 loading class sun/reflect/generics/tree/Signature
Event: 0.599 loading class sun/reflect/generics/tree/Signature done
Event: 0.599 loading class sun/reflect/generics/tree/ClassSignature done
Event: 0.600 loading class java/lang/reflect/TypeVariable
Event: 0.600 loading class java/lang/reflect/TypeVariable done
Event: 0.600 loading class sun/reflect/generics/reflectiveObjects/TypeVariableImpl
Event: 0.600 loading class sun/reflect/generics/reflectiveObjects/LazyReflectiveObjectGenerator
Event: 0.600 loading class sun/reflect/generics/reflectiveObjects/LazyReflectiveObjectGenerator done
Event: 0.600 loading class sun/reflect/generics/reflectiveObjects/TypeVariableImpl done
Event: 0.600 loading class java/lang/reflect/ParameterizedType
Event: 0.600 loading class java/lang/reflect/ParameterizedType done
Event: 0.600 loading class java/lang/reflect/WildcardType
Event: 0.600 loading class java/lang/reflect/WildcardType done
Event: 0.602 loading class sun/reflect/generics/tree/TypeVariableSignature
Event: 0.602 loading class sun/reflect/generics/tree/TypeVariableSignature done
Event: 0.602 loading class sun/reflect/generics/reflectiveObjects/ParameterizedTypeImpl
Event: 0.602 loading class sun/reflect/generics/reflectiveObjects/ParameterizedTypeImpl done


Dynamic libraries:
0x00007ff6409b0000 - 0x00007ff6409c0000 	C:\Program Files\Java\jdk-16.0.2\bin\java.exe
0x00007fff20450000 - 0x00007fff20645000 	C:\WINDOWS\SYSTEM32\ntdll.dll
0x00007fff1f6d0000 - 0x00007fff1f78d000 	C:\WINDOWS\System32\KERNEL32.DLL
0x00007fff1ddd0000 - 0x00007fff1e099000 	C:\WINDOWS\System32\KERNELBASE.dll
0x00007fff1dcd0000 - 0x00007fff1ddd0000 	C:\WINDOWS\System32\ucrtbase.dll
0x00007fff01bc0000 - 0x00007fff01bd8000 	C:\Program Files\Java\jdk-16.0.2\bin\jli.dll
0x00007fff00f10000 - 0x00007fff00f29000 	C:\Program Files\Java\jdk-16.0.2\bin\VCRUNTIME140.dll
0x00007fff1e550000 - 0x00007fff1e5fc000 	C:\WINDOWS\System32\ADVAPI32.dll
0x00007fff1f160000 - 0x00007fff1f1fe000 	C:\WINDOWS\System32\msvcrt.dll
0x00007fff1e8f0000 - 0x00007fff1e98b000 	C:\WINDOWS\System32\sechost.dll
0x00007fff1e7c0000 - 0x00007fff1e8ea000 	C:\WINDOWS\System32\RPCRT4.dll
0x00007fff1f450000 - 0x00007fff1f5f0000 	C:\WINDOWS\System32\USER32.dll
0x00007fff1e240000 - 0x00007fff1e262000 	C:\WINDOWS\System32\win32u.dll
0x00007fff0b6d0000 - 0x00007fff0b96a000 	C:\WINDOWS\WinSxS\amd64_microsoft.windows.common-controls_6595b64144ccf1df_6.0.19041.1110_none_60b5254171f9507e\COMCTL32.dll
0x00007fff1e660000 - 0x00007fff1e68a000 	C:\WINDOWS\System32\GDI32.dll
0x00007fff1e130000 - 0x00007fff1e23b000 	C:\WINDOWS\System32\gdi32full.dll
0x00007fff1db80000 - 0x00007fff1dc1d000 	C:\WINDOWS\System32\msvcp_win.dll
0x00007fff18100000 - 0x00007fff1810a000 	C:\WINDOWS\SYSTEM32\VERSION.dll
0x00007fff1f370000 - 0x00007fff1f3a0000 	C:\WINDOWS\System32\IMM32.DLL
0x00007fff12f90000 - 0x00007fff12f9c000 	C:\Program Files\Java\jdk-16.0.2\bin\vcruntime140_1.dll
0x00007ffefa870000 - 0x00007ffefa901000 	C:\Program Files\Java\jdk-16.0.2\bin\msvcp140.dll
0x00007ffeda830000 - 0x00007ffedb3db000 	C:\Program Files\Java\jdk-16.0.2\bin\server\jvm.dll
0x00007fff1f350000 - 0x00007fff1f358000 	C:\WINDOWS\System32\PSAPI.DLL
0x00007fff0a810000 - 0x00007fff0a837000 	C:\WINDOWS\SYSTEM32\WINMM.dll
0x00007fff159d0000 - 0x00007fff159d9000 	C:\WINDOWS\SYSTEM32\WSOCK32.dll
0x00007fff1f2e0000 - 0x00007fff1f34b000 	C:\WINDOWS\System32\WS2_32.dll
0x00007fff1c3f0000 - 0x00007fff1c402000 	C:\WINDOWS\SYSTEM32\kernel.appcore.dll
0x00007fff0e780000 - 0x00007fff0e78a000 	C:\Program Files\Java\jdk-16.0.2\bin\jimage.dll
0x00007fff1c180000 - 0x00007fff1c364000 	C:\WINDOWS\SYSTEM32\DBGHELP.DLL
0x00007fff169c0000 - 0x00007fff169ec000 	C:\WINDOWS\SYSTEM32\dbgcore.DLL
0x00007fff1e0a0000 - 0x00007fff1e123000 	C:\WINDOWS\System32\bcryptPrimitives.dll
0x00007fff00d50000 - 0x00007fff00d75000 	C:\Program Files\Java\jdk-16.0.2\bin\java.dll
0x00007fff1fca0000 - 0x00007fff203df000 	C:\WINDOWS\System32\SHELL32.dll
0x00007fff1b9f0000 - 0x00007fff1c180000 	C:\WINDOWS\SYSTEM32\windows.storage.dll
0x00007fff1f7f0000 - 0x00007fff1fb45000 	C:\WINDOWS\System32\combase.dll
0x00007fff1d4e0000 - 0x00007fff1d50c000 	C:\WINDOWS\SYSTEM32\Wldp.dll
0x00007fff1f3a0000 - 0x00007fff1f44e000 	C:\WINDOWS\System32\SHCORE.dll
0x00007fff1ea40000 - 0x00007fff1ea95000 	C:\WINDOWS\System32\shlwapi.dll
0x00007fff1da90000 - 0x00007fff1daaf000 	C:\WINDOWS\SYSTEM32\profapi.dll
0x00007ffefdee0000 - 0x00007ffefdef9000 	C:\Program Files\Java\jdk-16.0.2\bin\net.dll
0x00007fff153d0000 - 0x00007fff154d8000 	C:\WINDOWS\SYSTEM32\WINHTTP.dll
0x00007fff1d1f0000 - 0x00007fff1d25a000 	C:\WINDOWS\system32\mswsock.dll
0x00007ffefdd70000 - 0x00007ffefdd83000 	C:\Program Files\Java\jdk-16.0.2\bin\nio.dll
0x00007ffefdc70000 - 0x00007ffefdc88000 	C:\Program Files\Java\jdk-16.0.2\bin\zip.dll
0x00007fff0e1a0000 - 0x00007fff0e1b0000 	C:\Program Files\Java\jdk-16.0.2\bin\verify.dll

dbghelp: loaded successfully - version: 4.0.5 - missing functions: none
symbol engine: initialized successfully - sym options: 0x614 - pdb path: .;C:\Program Files\Java\jdk-16.0.2\bin;C:\WINDOWS\SYSTEM32;C:\WINDOWS\WinSxS\amd64_microsoft.windows.common-controls_6595b64144ccf1df_6.0.19041.1110_none_60b5254171f9507e;C:\Program Files\Java\jdk-16.0.2\bin\server

VM Arguments:
jvm_args: -Dfile.encoding=windows-1252 -Duser.country=BR -Duser.language=pt -Duser.variant 
java_command: com.cities.distance.citiesAPI.CitiesApiApplication
java_class_path (initial): C:\Users\kitubas\Desktop\Cursos\Java\Java DIO\ApiConsultaCidades\CitiesAPI\cities-API\build\classes\java\main;C:\Users\kitubas\Desktop\Cursos\Java\Java DIO\ApiConsultaCidades\CitiesAPI\cities-API\build\resources\main;C:\Users\kitubas\.gradle\caches\modules-2\files-2.1\org.springframework.boot\spring-boot-starter-data-jpa\2.5.4\61bdc9ccd2dd88dc956d85b4a608ef624476db7d\spring-boot-starter-data-jpa-2.5.4.jar;C:\Users\kitubas\.gradle\caches\modules-2\files-2.1\org.springframework.boot\spring-boot-starter-web\2.5.4\2bef2cedf2e0d1038ab51a2c6154579c5945e60c\spring-boot-starter-web-2.5.4.jar;C:\Users\kitubas\.gradle\caches\modules-2\files-2.1\org.postgresql\postgresql\42.2.23\9cb217a3d5b640567ed7c6e8c11f389613c81c4d\postgresql-42.2.23.jar;C:\Users\kitubas\.gradle\caches\modules-2\files-2.1\org.springframework.boot\spring-boot-starter-aop\2.5.4\6a158adb640effb8153c7531f5ceb69f8fe2d025\spring-boot-starter-aop-2.5.4.jar;C:\Users\kitubas\.gradle\caches\modules-2\files-2.1\org.springframework.boot\spring-boot-starter-jdbc\2.5.4\ce13933bc6b2ce6789288407c9244a104c9af6ed\spring-boot-starter-jdbc-2.5.4.jar;C:\Users\kitubas\.gradle\caches\modules-2\files-2.1\jakarta.transaction\jakarta.transaction-api\1.3.3\c4179d48720a1e87202115fbed6089bdc4195405\jakarta.transaction-api-1.3.3.jar;C:\Users\kitubas\.gradle\caches\modules-2\files-2.1\jakarta.persistence\jakarta.persistence-api\2.2.3\8f6ea5daedc614f07a3654a455660145286f024e\jakarta.persistence-api-2.2.3.jar;C:\Users\kitubas\.gradle\caches\modules-2\files-2.1\org.hibernate\hibernate-core\5.4.32.Final\99a5e10bf455337014c190e141ec631e9ff71663\hibernate-core-5.4.32.Final.jar;C:\Users\kitubas\.gradle\caches\modules-2\files-2.1\org.springframework.data\spring-data-jpa\2.5.4\91fb0dcb66a316bb65e9b837757f105c4bf1359d\spring-data-jpa-2.5.4.jar;C:\Users\kitubas\.gradle\caches\modules-2\files-2.1\org.springframework\spring-aspects\5.3.9\ee2c3f8f99e1f115f502a7e47e632b1ed229e766\spring-aspects-5.3.9.jar;C:\Users\kitubas\.
Launcher Type: SUN_STANDARD

[Global flags]
     intx CICompilerCount                          = 4                                         {product} {ergonomic}
     uint ConcGCThreads                            = 2                                         {product} {ergonomic}
     uint G1ConcRefinementThreads                  = 8                                         {product} {ergonomic}
   size_t G1HeapRegionSize                         = 2097152                                   {product} {ergonomic}
    uintx GCDrainStackTargetSize                   = 64                                        {product} {ergonomic}
   size_t InitialHeapSize                          = 201326592                                 {product} {ergonomic}
   size_t MarkStackSize                            = 4194304                                   {product} {ergonomic}
   size_t MaxHeapSize                              = 3198156800                                {product} {ergonomic}
   size_t MaxNewSize                               = 1918894080                                {product} {ergonomic}
   size_t MinHeapDeltaBytes                        = 2097152                                   {product} {ergonomic}
   size_t MinHeapSize                              = 8388608                                   {product} {ergonomic}
    uintx NonNMethodCodeHeapSize                   = 5839372                                {pd product} {ergonomic}
    uintx NonProfiledCodeHeapSize                  = 122909434                              {pd product} {ergonomic}
    uintx ProfiledCodeHeapSize                     = 122909434                              {pd product} {ergonomic}
    uintx ReservedCodeCacheSize                    = 251658240                              {pd product} {ergonomic}
     bool SegmentedCodeCache                       = true                                      {product} {ergonomic}
   size_t SoftMaxHeapSize                          = 3198156800                             {manageable} {ergonomic}
     bool UseCompressedClassPointers               = true                           {product lp64_product} {ergonomic}
     bool UseCompressedOops                        = true                           {product lp64_product} {ergonomic}
     bool UseG1GC                                  = true                                      {product} {ergonomic}
     bool UseLargePagesIndividualAllocation        = false                                  {pd product} {ergonomic}

Logging:
Log output configuration:
 #0: stdout all=warning uptime,level,tags
 #1: stderr all=off uptime,level,tags

Environment Variables:
JAVA_HOME=C:\Program Files\Java\jdk-16.0.2
PATH=C:\Program Files\Java\jdk-16.0.2/bin;C:\Program Files\Common Files\Oracle\Java\javapath;C:\Program Files (x86)\Common Files\Intel\Shared Libraries\redist\ia32\compiler;C:\Program Files (x86)\Common Files\Intel\Shared Libraries\redist\intel64\compiler;C:\Program Files (x86)\Common Files\Oracle\Java\javapath;C:\Program Files (x86)\Intel\iCLS Client\;C:\Program Files\Intel\iCLS Client\;C:\WINDOWS\system32;C:\WINDOWS;C:\WINDOWS\System32\Wbem;C:\WINDOWS\System32\WindowsPowerShell\v1.0\;C:\WINDOWS\System32\OpenSSH\;C:\Program Files (x86)\Intel\Intel(R) Management Engine Components\DAL;C:\Program Files\Intel\Intel(R) Management Engine Components\DAL;C:\Program Files (x86)\Intel\Intel(R) Management Engine Components\IPT;C:\Program Files\Intel\Intel(R) Management Engine Components\IPT;C:\Users\kitubas\AppData\Local\Microsoft\WindowsApps;C:\adb;C:\Program Files\nodejs\;C:\WINDOWS\system32;C:\WINDOWS;C:\WINDOWS\System32\Wbem;C:\WINDOWS\System32\WindowsPowerShell\v1.0\;C:\WINDOWS\System32\OpenSSH\;C:\Program Files\Docker\Docker\resources\bin;C:\ProgramData\DockerDesktop\version-bin;C:\Program Files\Git\cmd;C:\Gradle\gradle-4.7\bin;C:\Users\kitubas\AppData\Local\Microsoft\WindowsApps;C:\Users\kitubas\AppData\Local\Programs\Microsoft VS Code\bin;C:\Users\kitubas\AppData\Roaming\npm;C:\Users\kitubas\Documents\apache-maven-3.8.1\bin;C:\Program Files\heroku\bin
USERNAME=kitubas
OS=Windows_NT
PROCESSOR_IDENTIFIER=Intel64 Family 6 Model 142 Stepping 10, GenuineIntel



---------------  S Y S T E M  ---------------

OS:
 Windows 10 , 64 bit Build 19041 (10.0.19041.1151)
OS uptime: 8 days 18:26 hours
Hyper-V role detected

CPU: total 8 (initial active 8) (4 cores per cpu, 2 threads per core) family 6 model 142 stepping 10 microcode 0xea, cx8, cmov, fxsr, ht, mmx, 3dnowpref, sse, sse2, sse3, ssse3, sse4.1, sse4.2, popcnt, lzcnt, tsc, tscinvbit, avx, avx2, aes, erms, clmul, bmi1, bmi2, adx, fma, vzeroupper, clflush, clflushopt, hv

Memory: 4k page, system-wide physical 12197M (1189M free)
TotalPageFile size 12197M (AvailPageFile size 1M)
current process WorkingSet (physical memory assigned to process): 59M, peak: 59M
current process commit charge ("private bytes"): 287M, peak: 289M

vm_info: Java HotSpot(TM) 64-Bit Server VM (16.0.2+7-67) for windows-amd64 JRE (16.0.2+7-67), built on Jun  8 2021 23:24:19 by "mach5one" with MS VC++ 16.7 (VS2019)

END.
