#
# There is insufficient memory for the Java Runtime Environment to continue.
# Native memory allocation (malloc) failed to allocate 248352 bytes for Chunk::new
# Possible reasons:
#   The system is out of physical RAM or swap space
#   The process is running with CompressedOops enabled, and the Java Heap may be blocking the growth of the native heap
# Possible solutions:
#   Reduce memory load on the system
#   Increase physical memory or swap space
#   Check if swap backing store is full
#   Decrease Java heap size (-Xmx/-Xms)
#   Decrease number of Java threads
#   Decrease Java thread stack sizes (-Xss)
#   Set larger code cache with -XX:ReservedCodeCacheSize=
#   JVM is running with Zero Based Compressed Oops mode in which the Java heap is
#     placed in the first 32GB address space. The Java Heap base address is the
#     maximum limit for the native heap growth. Please use -XX:HeapBaseMinAddress
#     to set the Java Heap base and to place the Java Heap above 32GB virtual address.
# This output file may be truncated or incomplete.
#
#  Out of Memory Error (arena.cpp:195), pid=12260, tid=12060
#
# JRE version: Java(TM) SE Runtime Environment (16.0.2+7) (build 16.0.2+7-67)
# Java VM: Java HotSpot(TM) 64-Bit Server VM (16.0.2+7-67, mixed mode, sharing, tiered, compressed oops, compressed class ptrs, g1 gc, windows-amd64)
# No core dump will be written. Minidumps are not enabled by default on client versions of Windows
#

---------------  S U M M A R Y ------------

Command Line: -Dfile.encoding=windows-1252 -Duser.country=BR -Duser.language=pt -Duser.variant com.cities.distance.citiesAPI.CitiesApiApplication

Host: Intel(R) Core(TM) i5-8250U CPU @ 1.60GHz, 8 cores, 11G,  Windows 10 , 64 bit Build 19041 (10.0.19041.1151)
Time: Tue Aug 24 10:19:58 2021 Hora Padrão da Bahia elapsed time: 0.716444 seconds (0d 0h 0m 0s)

---------------  T H R E A D  ---------------

Current thread (0x000001e2a0003dd0):  JavaThread "C2 CompilerThread0" daemon [_thread_in_native, id=12060, stack(0x00000009da300000,0x00000009da400000)]


Current CompileTask:
C2:    716  684       4       java.io.WinNTFileSystem::normalize (143 bytes)

Stack: [0x00000009da300000,0x00000009da400000]
Native frames: (J=compiled Java code, j=interpreted, Vv=VM code, C=native code)
V  [jvm.dll+0x6681ca]
V  [jvm.dll+0x7c9e69]
V  [jvm.dll+0x7cb61e]
V  [jvm.dll+0x7cbc73]
V  [jvm.dll+0x242c55]
V  [jvm.dll+0xadeba]
V  [jvm.dll+0xae45c]
V  [jvm.dll+0x35a8d7]
V  [jvm.dll+0x1b9cc1]
V  [jvm.dll+0x215e16]
V  [jvm.dll+0x215100]
V  [jvm.dll+0x1a1beb]
V  [jvm.dll+0x225158]
V  [jvm.dll+0x22319c]
V  [jvm.dll+0x77fa62]
V  [jvm.dll+0x7795aa]
V  [jvm.dll+0x667066]
C  [ucrtbase.dll+0x21bb2]
C  [KERNEL32.DLL+0x17034]
C  [ntdll.dll+0x52651]


---------------  P R O C E S S  ---------------

Threads class SMR info:
_java_thread_list=0x000001e2a0cbd8b0, length=13, elements={
0x000001e2ff94d710, 0x000001e29ffe4f50, 0x000001e29ffe5c10, 0x000001e29fff8c20,
0x000001e29fff9620, 0x000001e29fffb030, 0x000001e29fffd4b0, 0x000001e2a0003dd0,
0x000001e2a000c8d0, 0x000001e2a001a630, 0x000001e2a0cdbc60, 0x000001e2a0ce3da0,
0x000001e2a0dcf210
}

Java Threads: ( => current thread )
  0x000001e2ff94d710 JavaThread "main" [_thread_in_vm, id=14516, stack(0x00000009d9600000,0x00000009d9700000)]
  0x000001e29ffe4f50 JavaThread "Reference Handler" daemon [_thread_blocked, id=11280, stack(0x00000009d9d00000,0x00000009d9e00000)]
  0x000001e29ffe5c10 JavaThread "Finalizer" daemon [_thread_blocked, id=7560, stack(0x00000009d9e00000,0x00000009d9f00000)]
  0x000001e29fff8c20 JavaThread "Signal Dispatcher" daemon [_thread_blocked, id=17384, stack(0x00000009d9f00000,0x00000009da000000)]
  0x000001e29fff9620 JavaThread "Attach Listener" daemon [_thread_blocked, id=15512, stack(0x00000009da000000,0x00000009da100000)]
  0x000001e29fffb030 JavaThread "Service Thread" daemon [_thread_blocked, id=1472, stack(0x00000009da100000,0x00000009da200000)]
  0x000001e29fffd4b0 JavaThread "Monitor Deflation Thread" daemon [_thread_blocked, id=10764, stack(0x00000009da200000,0x00000009da300000)]
=>0x000001e2a0003dd0 JavaThread "C2 CompilerThread0" daemon [_thread_in_native, id=12060, stack(0x00000009da300000,0x00000009da400000)]
  0x000001e2a000c8d0 JavaThread "C1 CompilerThread0" daemon [_thread_blocked, id=5556, stack(0x00000009da400000,0x00000009da500000)]
  0x000001e2a001a630 JavaThread "Sweeper thread" daemon [_thread_blocked, id=9224, stack(0x00000009da500000,0x00000009da600000)]
  0x000001e2a0cdbc60 JavaThread "Notification Thread" daemon [_thread_blocked, id=14508, stack(0x00000009da600000,0x00000009da700000)]
  0x000001e2a0ce3da0 JavaThread "Common-Cleaner" daemon [_thread_blocked, id=17872, stack(0x00000009da800000,0x00000009da900000)]
  0x000001e2a0dcf210 JavaThread "C2 CompilerThread1" daemon [_thread_in_native, id=9072, stack(0x00000009da900000,0x00000009daa00000)]

Other Threads:
  0x000001e29ffe0400 VMThread "VM Thread" [stack: 0x00000009d9c00000,0x00000009d9d00000] [id=16756]
  0x000001e2a0ce01a0 WatcherThread [stack: 0x00000009da700000,0x00000009da800000] [id=17852]
  0x000001e2ff992ef0 GCTaskThread "GC Thread#0" [stack: 0x00000009d9700000,0x00000009d9800000] [id=18276]
  0x000001e2ff99fdc0 ConcurrentGCThread "G1 Main Marker" [stack: 0x00000009d9800000,0x00000009d9900000] [id=13432]
  0x000001e2ff9a0f50 ConcurrentGCThread "G1 Conc#0" [stack: 0x00000009d9900000,0x00000009d9a00000] [id=16440]
  0x000001e2ffa13ad0 ConcurrentGCThread "G1 Refine#0" [stack: 0x00000009d9a00000,0x00000009d9b00000] [id=3680]
  0x000001e29fea09f0 ConcurrentGCThread "G1 Service" [stack: 0x00000009d9b00000,0x00000009d9c00000] [id=13632]

Threads with active compile tasks:
C2 CompilerThread0      751  684       4       java.io.WinNTFileSystem::normalize (143 bytes)
C2 CompilerThread1      751  615       4       java.util.jar.JarFile::getEntry (35 bytes)

VM state: not at safepoint (normal execution)

VM Mutex/Monitor currently owned by a thread: None

Heap address: 0x0000000741600000, size: 3050 MB, Compressed Oops mode: Zero based, Oop shift amount: 3

CDS archive(s) mapped at: [0x0000000800000000-0x0000000800bb0000-0x0000000800bb0000), size 12255232, SharedBaseAddress: 0x0000000800000000, ArchiveRelocationMode: 0.
Compressed class space mapped at: 0x0000000800c00000-0x0000000840c00000, reserved size: 1073741824
Narrow klass base: 0x0000000800000000, Narrow klass shift: 3, Narrow klass range: 0x100000000

GC Precious Log:
 CPUs: 8 total, 8 available
 Memory: 12197M
 Large Page Support: Disabled
 NUMA Support: Disabled
 Compressed Oops: Enabled (Zero based)
 Heap Region Size: 2M
 Heap Min Capacity: 8M
 Heap Initial Capacity: 192M
 Heap Max Capacity: 3050M
 Pre-touch: Disabled
 Parallel Workers: 8
 Concurrent Workers: 2
 Concurrent Refinement Workers: 8
 Periodic GC: Disabled

Heap:
 garbage-first heap   total 196608K, used 14336K [0x0000000741600000, 0x0000000800000000)
  region size 2048K, 8 young (16384K), 0 survivors (0K)
 Metaspace       used 3478K, committed 3648K, reserved 1056768K
  class space    used 351K, committed 448K, reserved 1048576K

Heap Regions: E=young(eden), S=young(survivor), O=old, HS=humongous(starts), HC=humongous(continues), CS=collection set, F=free, OA=open archive, CA=closed archive, TAMS=top-at-mark-start (previous, next)
|   0|0x0000000741600000, 0x0000000741600000, 0x0000000741800000|  0%| F|  |TAMS 0x0000000741600000, 0x0000000741600000| Untracked 
|   1|0x0000000741800000, 0x0000000741800000, 0x0000000741a00000|  0%| F|  |TAMS 0x0000000741800000, 0x0000000741800000| Untracked 
|   2|0x0000000741a00000, 0x0000000741a00000, 0x0000000741c00000|  0%| F|  |TAMS 0x0000000741a00000, 0x0000000741a00000| Untracked 
|   3|0x0000000741c00000, 0x0000000741c00000, 0x0000000741e00000|  0%| F|  |TAMS 0x0000000741c00000, 0x0000000741c00000| Untracked 
|   4|0x0000000741e00000, 0x0000000741e00000, 0x0000000742000000|  0%| F|  |TAMS 0x0000000741e00000, 0x0000000741e00000| Untracked 
|   5|0x0000000742000000, 0x0000000742000000, 0x0000000742200000|  0%| F|  |TAMS 0x0000000742000000, 0x0000000742000000| Untracked 
|   6|0x0000000742200000, 0x0000000742200000, 0x0000000742400000|  0%| F|  |TAMS 0x0000000742200000, 0x0000000742200000| Untracked 
|   7|0x0000000742400000, 0x0000000742400000, 0x0000000742600000|  0%| F|  |TAMS 0x0000000742400000, 0x0000000742400000| Untracked 
|   8|0x0000000742600000, 0x0000000742600000, 0x0000000742800000|  0%| F|  |TAMS 0x0000000742600000, 0x0000000742600000| Untracked 
|   9|0x0000000742800000, 0x0000000742800000, 0x0000000742a00000|  0%| F|  |TAMS 0x0000000742800000, 0x0000000742800000| Untracked 
|  10|0x0000000742a00000, 0x0000000742a00000, 0x0000000742c00000|  0%| F|  |TAMS 0x0000000742a00000, 0x0000000742a00000| Untracked 
|  11|0x0000000742c00000, 0x0000000742c00000, 0x0000000742e00000|  0%| F|  |TAMS 0x0000000742c00000, 0x0000000742c00000| Untracked 
|  12|0x0000000742e00000, 0x0000000742e00000, 0x0000000743000000|  0%| F|  |TAMS 0x0000000742e00000, 0x0000000742e00000| Untracked 
|  13|0x0000000743000000, 0x0000000743000000, 0x0000000743200000|  0%| F|  |TAMS 0x0000000743000000, 0x0000000743000000| Untracked 
|  14|0x0000000743200000, 0x0000000743200000, 0x0000000743400000|  0%| F|  |TAMS 0x0000000743200000, 0x0000000743200000| Untracked 
|  15|0x0000000743400000, 0x0000000743400000, 0x0000000743600000|  0%| F|  |TAMS 0x0000000743400000, 0x0000000743400000| Untracked 
|  16|0x0000000743600000, 0x0000000743600000, 0x0000000743800000|  0%| F|  |TAMS 0x0000000743600000, 0x0000000743600000| Untracked 
|  17|0x0000000743800000, 0x0000000743800000, 0x0000000743a00000|  0%| F|  |TAMS 0x0000000743800000, 0x0000000743800000| Untracked 
|  18|0x0000000743a00000, 0x0000000743a00000, 0x0000000743c00000|  0%| F|  |TAMS 0x0000000743a00000, 0x0000000743a00000| Untracked 
|  19|0x0000000743c00000, 0x0000000743c00000, 0x0000000743e00000|  0%| F|  |TAMS 0x0000000743c00000, 0x0000000743c00000| Untracked 
|  20|0x0000000743e00000, 0x0000000743e00000, 0x0000000744000000|  0%| F|  |TAMS 0x0000000743e00000, 0x0000000743e00000| Untracked 
|  21|0x0000000744000000, 0x0000000744000000, 0x0000000744200000|  0%| F|  |TAMS 0x0000000744000000, 0x0000000744000000| Untracked 
|  22|0x0000000744200000, 0x0000000744200000, 0x0000000744400000|  0%| F|  |TAMS 0x0000000744200000, 0x0000000744200000| Untracked 
|  23|0x0000000744400000, 0x0000000744400000, 0x0000000744600000|  0%| F|  |TAMS 0x0000000744400000, 0x0000000744400000| Untracked 
|  24|0x0000000744600000, 0x0000000744600000, 0x0000000744800000|  0%| F|  |TAMS 0x0000000744600000, 0x0000000744600000| Untracked 
|  25|0x0000000744800000, 0x0000000744800000, 0x0000000744a00000|  0%| F|  |TAMS 0x0000000744800000, 0x0000000744800000| Untracked 
|  26|0x0000000744a00000, 0x0000000744a00000, 0x0000000744c00000|  0%| F|  |TAMS 0x0000000744a00000, 0x0000000744a00000| Untracked 
|  27|0x0000000744c00000, 0x0000000744c00000, 0x0000000744e00000|  0%| F|  |TAMS 0x0000000744c00000, 0x0000000744c00000| Untracked 
|  28|0x0000000744e00000, 0x0000000744e00000, 0x0000000745000000|  0%| F|  |TAMS 0x0000000744e00000, 0x0000000744e00000| Untracked 
|  29|0x0000000745000000, 0x0000000745000000, 0x0000000745200000|  0%| F|  |TAMS 0x0000000745000000, 0x0000000745000000| Untracked 
|  30|0x0000000745200000, 0x0000000745200000, 0x0000000745400000|  0%| F|  |TAMS 0x0000000745200000, 0x0000000745200000| Untracked 
|  31|0x0000000745400000, 0x0000000745400000, 0x0000000745600000|  0%| F|  |TAMS 0x0000000745400000, 0x0000000745400000| Untracked 
|  32|0x0000000745600000, 0x0000000745600000, 0x0000000745800000|  0%| F|  |TAMS 0x0000000745600000, 0x0000000745600000| Untracked 
|  33|0x0000000745800000, 0x0000000745800000, 0x0000000745a00000|  0%| F|  |TAMS 0x0000000745800000, 0x0000000745800000| Untracked 
|  34|0x0000000745a00000, 0x0000000745a00000, 0x0000000745c00000|  0%| F|  |TAMS 0x0000000745a00000, 0x0000000745a00000| Untracked 
|  35|0x0000000745c00000, 0x0000000745c00000, 0x0000000745e00000|  0%| F|  |TAMS 0x0000000745c00000, 0x0000000745c00000| Untracked 
|  36|0x0000000745e00000, 0x0000000745e00000, 0x0000000746000000|  0%| F|  |TAMS 0x0000000745e00000, 0x0000000745e00000| Untracked 
|  37|0x0000000746000000, 0x0000000746000000, 0x0000000746200000|  0%| F|  |TAMS 0x0000000746000000, 0x0000000746000000| Untracked 
|  38|0x0000000746200000, 0x0000000746200000, 0x0000000746400000|  0%| F|  |TAMS 0x0000000746200000, 0x0000000746200000| Untracked 
|  39|0x0000000746400000, 0x0000000746400000, 0x0000000746600000|  0%| F|  |TAMS 0x0000000746400000, 0x0000000746400000| Untracked 
|  40|0x0000000746600000, 0x0000000746600000, 0x0000000746800000|  0%| F|  |TAMS 0x0000000746600000, 0x0000000746600000| Untracked 
|  41|0x0000000746800000, 0x0000000746800000, 0x0000000746a00000|  0%| F|  |TAMS 0x0000000746800000, 0x0000000746800000| Untracked 
|  42|0x0000000746a00000, 0x0000000746a00000, 0x0000000746c00000|  0%| F|  |TAMS 0x0000000746a00000, 0x0000000746a00000| Untracked 
|  43|0x0000000746c00000, 0x0000000746c00000, 0x0000000746e00000|  0%| F|  |TAMS 0x0000000746c00000, 0x0000000746c00000| Untracked 
|  44|0x0000000746e00000, 0x0000000746e00000, 0x0000000747000000|  0%| F|  |TAMS 0x0000000746e00000, 0x0000000746e00000| Untracked 
|  45|0x0000000747000000, 0x0000000747000000, 0x0000000747200000|  0%| F|  |TAMS 0x0000000747000000, 0x0000000747000000| Untracked 
|  46|0x0000000747200000, 0x0000000747200000, 0x0000000747400000|  0%| F|  |TAMS 0x0000000747200000, 0x0000000747200000| Untracked 
|  47|0x0000000747400000, 0x0000000747400000, 0x0000000747600000|  0%| F|  |TAMS 0x0000000747400000, 0x0000000747400000| Untracked 
|  48|0x0000000747600000, 0x0000000747600000, 0x0000000747800000|  0%| F|  |TAMS 0x0000000747600000, 0x0000000747600000| Untracked 
|  49|0x0000000747800000, 0x0000000747800000, 0x0000000747a00000|  0%| F|  |TAMS 0x0000000747800000, 0x0000000747800000| Untracked 
|  50|0x0000000747a00000, 0x0000000747a00000, 0x0000000747c00000|  0%| F|  |TAMS 0x0000000747a00000, 0x0000000747a00000| Untracked 
|  51|0x0000000747c00000, 0x0000000747c00000, 0x0000000747e00000|  0%| F|  |TAMS 0x0000000747c00000, 0x0000000747c00000| Untracked 
|  52|0x0000000747e00000, 0x0000000747e00000, 0x0000000748000000|  0%| F|  |TAMS 0x0000000747e00000, 0x0000000747e00000| Untracked 
|  53|0x0000000748000000, 0x0000000748000000, 0x0000000748200000|  0%| F|  |TAMS 0x0000000748000000, 0x0000000748000000| Untracked 
|  54|0x0000000748200000, 0x0000000748200000, 0x0000000748400000|  0%| F|  |TAMS 0x0000000748200000, 0x0000000748200000| Untracked 
|  55|0x0000000748400000, 0x0000000748400000, 0x0000000748600000|  0%| F|  |TAMS 0x0000000748400000, 0x0000000748400000| Untracked 
|  56|0x0000000748600000, 0x0000000748600000, 0x0000000748800000|  0%| F|  |TAMS 0x0000000748600000, 0x0000000748600000| Untracked 
|  57|0x0000000748800000, 0x0000000748800000, 0x0000000748a00000|  0%| F|  |TAMS 0x0000000748800000, 0x0000000748800000| Untracked 
|  58|0x0000000748a00000, 0x0000000748a00000, 0x0000000748c00000|  0%| F|  |TAMS 0x0000000748a00000, 0x0000000748a00000| Untracked 
|  59|0x0000000748c00000, 0x0000000748c00000, 0x0000000748e00000|  0%| F|  |TAMS 0x0000000748c00000, 0x0000000748c00000| Untracked 
|  60|0x0000000748e00000, 0x0000000748e00000, 0x0000000749000000|  0%| F|  |TAMS 0x0000000748e00000, 0x0000000748e00000| Untracked 
|  61|0x0000000749000000, 0x0000000749000000, 0x0000000749200000|  0%| F|  |TAMS 0x0000000749000000, 0x0000000749000000| Untracked 
|  62|0x0000000749200000, 0x0000000749200000, 0x0000000749400000|  0%| F|  |TAMS 0x0000000749200000, 0x0000000749200000| Untracked 
|  63|0x0000000749400000, 0x0000000749400000, 0x0000000749600000|  0%| F|  |TAMS 0x0000000749400000, 0x0000000749400000| Untracked 
|  64|0x0000000749600000, 0x0000000749600000, 0x0000000749800000|  0%| F|  |TAMS 0x0000000749600000, 0x0000000749600000| Untracked 
|  65|0x0000000749800000, 0x0000000749800000, 0x0000000749a00000|  0%| F|  |TAMS 0x0000000749800000, 0x0000000749800000| Untracked 
|  66|0x0000000749a00000, 0x0000000749a00000, 0x0000000749c00000|  0%| F|  |TAMS 0x0000000749a00000, 0x0000000749a00000| Untracked 
|  67|0x0000000749c00000, 0x0000000749c00000, 0x0000000749e00000|  0%| F|  |TAMS 0x0000000749c00000, 0x0000000749c00000| Untracked 
|  68|0x0000000749e00000, 0x0000000749e00000, 0x000000074a000000|  0%| F|  |TAMS 0x0000000749e00000, 0x0000000749e00000| Untracked 
|  69|0x000000074a000000, 0x000000074a000000, 0x000000074a200000|  0%| F|  |TAMS 0x000000074a000000, 0x000000074a000000| Untracked 
|  70|0x000000074a200000, 0x000000074a200000, 0x000000074a400000|  0%| F|  |TAMS 0x000000074a200000, 0x000000074a200000| Untracked 
|  71|0x000000074a400000, 0x000000074a400000, 0x000000074a600000|  0%| F|  |TAMS 0x000000074a400000, 0x000000074a400000| Untracked 
|  72|0x000000074a600000, 0x000000074a600000, 0x000000074a800000|  0%| F|  |TAMS 0x000000074a600000, 0x000000074a600000| Untracked 
|  73|0x000000074a800000, 0x000000074a800000, 0x000000074aa00000|  0%| F|  |TAMS 0x000000074a800000, 0x000000074a800000| Untracked 
|  74|0x000000074aa00000, 0x000000074aa00000, 0x000000074ac00000|  0%| F|  |TAMS 0x000000074aa00000, 0x000000074aa00000| Untracked 
|  75|0x000000074ac00000, 0x000000074ac00000, 0x000000074ae00000|  0%| F|  |TAMS 0x000000074ac00000, 0x000000074ac00000| Untracked 
|  76|0x000000074ae00000, 0x000000074ae00000, 0x000000074b000000|  0%| F|  |TAMS 0x000000074ae00000, 0x000000074ae00000| Untracked 
|  77|0x000000074b000000, 0x000000074b000000, 0x000000074b200000|  0%| F|  |TAMS 0x000000074b000000, 0x000000074b000000| Untracked 
|  78|0x000000074b200000, 0x000000074b200000, 0x000000074b400000|  0%| F|  |TAMS 0x000000074b200000, 0x000000074b200000| Untracked 
|  79|0x000000074b400000, 0x000000074b400000, 0x000000074b600000|  0%| F|  |TAMS 0x000000074b400000, 0x000000074b400000| Untracked 
|  80|0x000000074b600000, 0x000000074b600000, 0x000000074b800000|  0%| F|  |TAMS 0x000000074b600000, 0x000000074b600000| Untracked 
|  81|0x000000074b800000, 0x000000074b800000, 0x000000074ba00000|  0%| F|  |TAMS 0x000000074b800000, 0x000000074b800000| Untracked 
|  82|0x000000074ba00000, 0x000000074ba00000, 0x000000074bc00000|  0%| F|  |TAMS 0x000000074ba00000, 0x000000074ba00000| Untracked 
|  83|0x000000074bc00000, 0x000000074bc00000, 0x000000074be00000|  0%| F|  |TAMS 0x000000074bc00000, 0x000000074bc00000| Untracked 
|  84|0x000000074be00000, 0x000000074be00000, 0x000000074c000000|  0%| F|  |TAMS 0x000000074be00000, 0x000000074be00000| Untracked 
|  85|0x000000074c000000, 0x000000074c000000, 0x000000074c200000|  0%| F|  |TAMS 0x000000074c000000, 0x000000074c000000| Untracked 
|  86|0x000000074c200000, 0x000000074c200000, 0x000000074c400000|  0%| F|  |TAMS 0x000000074c200000, 0x000000074c200000| Untracked 
|  87|0x000000074c400000, 0x000000074c472748, 0x000000074c600000| 22%| E|  |TAMS 0x000000074c400000, 0x000000074c400000| Complete 
|  88|0x000000074c600000, 0x000000074c800000, 0x000000074c800000|100%| E|CS|TAMS 0x000000074c600000, 0x000000074c600000| Complete 
|  89|0x000000074c800000, 0x000000074ca00000, 0x000000074ca00000|100%| E|CS|TAMS 0x000000074c800000, 0x000000074c800000| Complete 
|  90|0x000000074ca00000, 0x000000074cc00000, 0x000000074cc00000|100%| E|CS|TAMS 0x000000074ca00000, 0x000000074ca00000| Complete 
|  91|0x000000074cc00000, 0x000000074ce00000, 0x000000074ce00000|100%| E|CS|TAMS 0x000000074cc00000, 0x000000074cc00000| Complete 
|  92|0x000000074ce00000, 0x000000074d000000, 0x000000074d000000|100%| E|CS|TAMS 0x000000074ce00000, 0x000000074ce00000| Complete 
|  93|0x000000074d000000, 0x000000074d200000, 0x000000074d200000|100%| E|CS|TAMS 0x000000074d000000, 0x000000074d000000| Complete 
|  94|0x000000074d200000, 0x000000074d400000, 0x000000074d400000|100%| E|CS|TAMS 0x000000074d200000, 0x000000074d200000| Complete 
|  95|0x000000074d400000, 0x000000074d600000, 0x000000074d600000|100%| E|CS|TAMS 0x000000074d400000, 0x000000074d400000| Complete 

Card table byte_map: [0x000001e296ca0000,0x000001e2972a0000] _byte_map_base: 0x000001e293295000

Marking Bits (Prev, Next): (CMBitMap*) 0x000001e2ff9934e0, (CMBitMap*) 0x000001e2ff993520
 Prev Bits: [0x000001e2978a0000, 0x000001e29a848000)
 Next Bits: [0x000001e29a850000, 0x000001e29d7f8000)

Polling page: 0x000001e2fd850000

Metaspace:

Usage:
  Non-class:      3.08 MB used.
      Class:    356.62 KB used.
       Both:      3.43 MB used.

Virtual space:
  Non-class space:        8.00 MB reserved,       3.12 MB ( 39%) committed,  1 nodes.
      Class space:        1.00 GB reserved,     448.00 KB ( <1%) committed,  1 nodes.
              Both:        1.01 GB reserved,       3.56 MB ( <1%) committed. 

Chunk freelists:
   Non-Class:  2.64 MB
       Class:  3.54 MB
        Both:  6.18 MB

MaxMetaspaceSize: 17179869184.00 GB
CompressedClassSpaceSize: 1.00 GB
 - commit_granule_bytes: 65536.
 - commit_granule_words: 8192.
 - virtual_space_node_default_size: 1048576.
 - enlarge_chunks_in_place: 1.
 - new_chunks_are_fully_committed: 0.
 - uncommit_free_chunks: 1.
 - use_allocation_guard: 0.
 - handle_deallocations: 1.


Internal statistics:

num_allocs_failed_limit: 0.
num_arena_births: 30.
num_arena_deaths: 0.
num_vsnodes_births: 2.
num_vsnodes_deaths: 0.
num_space_committed: 57.
num_space_uncommitted: 0.
num_chunks_returned_to_freelist: 0.
num_chunks_taken_from_freelist: 107.
num_chunk_merges: 0.
num_chunk_splits: 66.
num_chunks_enlarged: 51.
num_purges: 0.

CodeHeap 'non-profiled nmethods': size=120000Kb used=276Kb max_used=276Kb free=119723Kb
 bounds [0x000001e28f170000, 0x000001e28f3e0000, 0x000001e2966a0000]
CodeHeap 'profiled nmethods': size=120000Kb used=1441Kb max_used=1441Kb free=118558Kb
 bounds [0x000001e287c40000, 0x000001e287eb0000, 0x000001e28f170000]
CodeHeap 'non-nmethods': size=5760Kb used=1148Kb max_used=1181Kb free=4611Kb
 bounds [0x000001e2876a0000, 0x000001e287910000, 0x000001e287c40000]
 total_blobs=1184 nmethods=753 adapters=344
 compilation: enabled
              stopped_count=0, restarted_count=0
 full_count=0

Compilation events (20 events):
Event: 0.703 Thread 0x000001e2a000c8d0 nmethod 691 0x000001e287d7a910 code [0x000001e287d7aac0, 0x000001e287d7acb8]
Event: 0.704 Thread 0x000001e2a000c8d0  692       3       java.lang.invoke.MemberName::getReferenceKind (12 bytes)
Event: 0.704 Thread 0x000001e2a000c8d0 nmethod 692 0x000001e287d7ad90 code [0x000001e287d7af20, 0x000001e287d7b038]
Event: 0.706 Thread 0x000001e2a000c8d0  693       3       java.lang.reflect.Modifier::isStatic (13 bytes)
Event: 0.706 Thread 0x000001e2a000c8d0 nmethod 693 0x000001e287d7b110 code [0x000001e287d7b2a0, 0x000001e287d7b3f8]
Event: 0.706 Thread 0x000001e2a000c8d0  694       1       java.lang.module.ModuleDescriptor::packages (5 bytes)
Event: 0.706 Thread 0x000001e2a000c8d0 nmethod 694 0x000001e28f1b1790 code [0x000001e28f1b1920, 0x000001e28f1b19f8]
Event: 0.706 Thread 0x000001e2a000c8d0  696       3       java.lang.invoke.MethodType$ConcurrentWeakInternSet::get (47 bytes)
Event: 0.707 Thread 0x000001e2a000c8d0 nmethod 696 0x000001e287d7b490 code [0x000001e287d7b6c0, 0x000001e287d7c078]
Event: 0.707 Thread 0x000001e2a000c8d0  695       3       java.lang.Module::isNamed (13 bytes)
Event: 0.707 Thread 0x000001e2a000c8d0 nmethod 695 0x000001e287d7c390 code [0x000001e287d7c520, 0x000001e287d7c698]
Event: 0.707 Thread 0x000001e2a000c8d0  697   !   3       java.lang.invoke.MemberName::getMethodType (203 bytes)
Event: 0.708 Thread 0x000001e2a000c8d0 nmethod 697 0x000001e287d7c710 code [0x000001e287d7ca00, 0x000001e287d7e058]
Event: 0.709 Thread 0x000001e2a000c8d0  698       1       java.lang.reflect.Method::getName (5 bytes)
Event: 0.709 Thread 0x000001e2a000c8d0 nmethod 698 0x000001e28f1b1a90 code [0x000001e28f1b1c20, 0x000001e28f1b1cf8]
Event: 0.710 Thread 0x000001e2a000c8d0  701       3       jdk.internal.org.objectweb.asm.SymbolTable::addConstantUtf8Reference (101 bytes)
Event: 0.710 Thread 0x000001e2a000c8d0 nmethod 701 0x000001e287d7e610 code [0x000001e287d7e840, 0x000001e287d7ee38]
Event: 0.710 Thread 0x000001e2a000c8d0  700       3       jdk.internal.org.objectweb.asm.SymbolTable::addConstantClass (8 bytes)
Event: 0.711 Thread 0x000001e2a000c8d0 nmethod 700 0x000001e287d7f190 code [0x000001e287d7f340, 0x000001e287d7f488]
Event: 0.711 Thread 0x000001e2a000c8d0  702       3       jdk.internal.org.objectweb.asm.Frame::execute (2305 bytes)

GC Heap History (0 events):
No events

Deoptimization events (20 events):
Event: 0.542 Thread 0x000001e2ff94d710 DEOPT PACKING pc=0x000001e28f170f7c sp=0x00000009d96fd290
Event: 0.542 Thread 0x000001e2ff94d710 DEOPT UNPACKING pc=0x000001e2876ed72e sp=0x00000009d96fd220 mode 2
Event: 0.544 Thread 0x000001e2ff94d710 DEOPT PACKING pc=0x000001e287cd2465 sp=0x00000009d96fc6b0
Event: 0.544 Thread 0x000001e2ff94d710 DEOPT UNPACKING pc=0x000001e2876edece sp=0x00000009d96fbb00 mode 0
Event: 0.552 Thread 0x000001e2ff94d710 DEOPT PACKING pc=0x000001e287cd2465 sp=0x00000009d96fc240
Event: 0.552 Thread 0x000001e2ff94d710 DEOPT UNPACKING pc=0x000001e2876edece sp=0x00000009d96fb690 mode 0
Event: 0.557 Thread 0x000001e2ff94d710 Uncommon trap: trap_request=0xffffff45 fr.pc=0x000001e28f17ba38 relative=0x0000000000000038
Event: 0.557 Thread 0x000001e2ff94d710 Uncommon trap: reason=unstable_if action=reinterpret pc=0x000001e28f17ba38 method=java.lang.StringLatin1.canEncode(I)Z @ 4 c2
Event: 0.557 Thread 0x000001e2ff94d710 DEOPT PACKING pc=0x000001e28f17ba38 sp=0x00000009d96fcb80
Event: 0.557 Thread 0x000001e2ff94d710 DEOPT UNPACKING pc=0x000001e2876ed72e sp=0x00000009d96fcb10 mode 2
Event: 0.562 Thread 0x000001e2ff94d710 DEOPT PACKING pc=0x000001e287cd2465 sp=0x00000009d96fbbc0
Event: 0.562 Thread 0x000001e2ff94d710 DEOPT UNPACKING pc=0x000001e2876edece sp=0x00000009d96fb010 mode 0
Event: 0.572 Thread 0x000001e2ff94d710 DEOPT PACKING pc=0x000001e287cd2465 sp=0x00000009d96fdd70
Event: 0.572 Thread 0x000001e2ff94d710 DEOPT UNPACKING pc=0x000001e2876edece sp=0x00000009d96fd1c0 mode 0
Event: 0.619 Thread 0x000001e2ff94d710 Uncommon trap: trap_request=0xffffff45 fr.pc=0x000001e28f178984 relative=0x0000000000000064
Event: 0.619 Thread 0x000001e2ff94d710 Uncommon trap: reason=unstable_if action=reinterpret pc=0x000001e28f178984 method=java.io.WinNTFileSystem.isSlash(C)Z @ 9 c2
Event: 0.619 Thread 0x000001e2ff94d710 DEOPT PACKING pc=0x000001e28f178984 sp=0x00000009d96fea70
Event: 0.619 Thread 0x000001e2ff94d710 DEOPT UNPACKING pc=0x000001e2876ed72e sp=0x00000009d96fe9f8 mode 2
Event: 0.655 Thread 0x000001e2ff94d710 DEOPT PACKING pc=0x000001e287c6ae3e sp=0x00000009d96fdff0
Event: 0.655 Thread 0x000001e2ff94d710 DEOPT UNPACKING pc=0x000001e2876edece sp=0x00000009d96fd468 mode 0

Classes unloaded (0 events):
No events

Classes redefined (0 events):
No events

Internal exceptions (6 events):
Event: 0.429 Thread 0x000001e2ff94d710 Exception <a 'java/lang/ClassNotFoundException'{0x000000074cc02f20}: javax/smartcardio/CardPermission> (0x000000074cc02f20) 
thrown [t:\workspace\open\src\hotspot\share\classfile\systemDictionary.cpp, line 256]
Event: 0.433 Thread 0x000001e2ff94d710 Exception <a 'java/io/FileNotFoundException'{0x000000074cc11348}> (0x000000074cc11348) 
thrown [t:\workspace\open\src\hotspot\share\prims\jni.cpp, line 579]
Event: 0.448 Thread 0x000001e2ff94d710 Exception <a 'java/lang/NoSuchMethodError'{0x000000074cc43ef0}: 'void java.lang.invoke.DirectMethodHandle$Holder.invokeSpecial(java.lang.Object, java.lang.Object, java.lang.Object)'> (0x000000074cc43ef0) 
thrown [t:\workspace\open\src\hotspot\share\interpreter\linkResolver.cpp, line 790]
Event: 0.638 Thread 0x000001e2ff94d710 Exception <a 'java/lang/NoSuchMethodError'{0x000000074c8d47d8}: 'java.lang.Object java.lang.invoke.DirectMethodHandle$Holder.invokeSpecialIFC(java.lang.Object, java.lang.Object, java.lang.Object, java.lang.Object)'> (0x000000074c8d47d8) 
thrown [t:\workspace\open\src\hotspot\share\interpreter\linkResolver.cpp, line 790]
Event: 0.651 Thread 0x000001e2ff94d710 Exception <a 'java/lang/NoSuchMethodError'{0x000000074c917f80}: 'int java.lang.invoke.DirectMethodHandle$Holder.invokeVirtual(java.lang.Object, java.lang.Object, java.lang.Object)'> (0x000000074c917f80) 
thrown [t:\workspace\open\src\hotspot\share\interpreter\linkResolver.cpp, line 790]
Event: 0.672 Thread 0x000001e2ff94d710 Exception <a 'java/lang/NoSuchMethodError'{0x000000074c99b6c8}: 'int java.lang.invoke.DirectMethodHandle$Holder.invokeStaticInit(java.lang.Object, java.lang.Object)'> (0x000000074c99b6c8) 
thrown [t:\workspace\open\src\hotspot\share\interpreter\linkResolver.cpp, line 790]

Events (20 events):
Event: 0.703 loading class java/util/LinkedHashMap$LinkedValueIterator
Event: 0.703 loading class java/util/LinkedHashMap$LinkedValueIterator done
Event: 0.705 loading class java/lang/WeakPairMap$Pair$Weak
Event: 0.705 loading class java/lang/WeakPairMap$WeakRefPeer
Event: 0.705 loading class java/lang/WeakPairMap$WeakRefPeer done
Event: 0.705 loading class java/lang/WeakPairMap$Pair$Weak done
Event: 0.705 loading class java/lang/WeakPairMap$Pair$Weak$1
Event: 0.705 loading class java/lang/WeakPairMap$Pair$Weak$1 done
Event: 0.707 loading class java/lang/reflect/ProxyGenerator
Event: 0.707 loading class java/lang/reflect/ProxyGenerator done
Event: 0.707 loading class java/lang/reflect/ProxyGenerator$ProxyMethod
Event: 0.707 loading class java/lang/reflect/ProxyGenerator$ProxyMethod done
Event: 0.709 loading class java/lang/reflect/ProxyGenerator$PrimitiveTypeInfo
Event: 0.709 loading class java/lang/reflect/ProxyGenerator$PrimitiveTypeInfo done
Event: 0.709 loading class jdk/internal/org/objectweb/asm/Edge
Event: 0.710 loading class jdk/internal/org/objectweb/asm/Edge done
Event: 0.711 loading class java/lang/reflect/Proxy$ProxyBuilder$1
Event: 0.711 loading class java/lang/reflect/Proxy$ProxyBuilder$1 done
Event: 0.712 loading class java/lang/annotation/Target
Event: 0.712 loading class java/lang/annotation/Target done


Dynamic libraries:
0x00007ff73b520000 - 0x00007ff73b530000 	C:\Program Files\Java\jdk-16.0.2\bin\java.exe
0x00007fffb99f0000 - 0x00007fffb9be5000 	C:\WINDOWS\SYSTEM32\ntdll.dll
0x00007fffb8d20000 - 0x00007fffb8ddd000 	C:\WINDOWS\System32\KERNEL32.DLL
0x00007fffb7120000 - 0x00007fffb73e9000 	C:\WINDOWS\System32\KERNELBASE.dll
0x00007fffb7870000 - 0x00007fffb7970000 	C:\WINDOWS\System32\ucrtbase.dll
0x00007fffa4870000 - 0x00007fffa4888000 	C:\Program Files\Java\jdk-16.0.2\bin\jli.dll
0x00007fffa5040000 - 0x00007fffa5059000 	C:\Program Files\Java\jdk-16.0.2\bin\VCRUNTIME140.dll
0x00007fffb8de0000 - 0x00007fffb8e8c000 	C:\WINDOWS\System32\ADVAPI32.dll
0x00007fffb9390000 - 0x00007fffb942e000 	C:\WINDOWS\System32\msvcrt.dll
0x00007fffb8f10000 - 0x00007fffb8fab000 	C:\WINDOWS\System32\sechost.dll
0x00007fffb8bd0000 - 0x00007fffb8cfa000 	C:\WINDOWS\System32\RPCRT4.dll
0x00007fffb82e0000 - 0x00007fffb8480000 	C:\WINDOWS\System32\USER32.dll
0x00007fffb70f0000 - 0x00007fffb7112000 	C:\WINDOWS\System32\win32u.dll
0x00007fffa4410000 - 0x00007fffa46aa000 	C:\WINDOWS\WinSxS\amd64_microsoft.windows.common-controls_6595b64144ccf1df_6.0.19041.1110_none_60b5254171f9507e\COMCTL32.dll
0x00007fffb7b00000 - 0x00007fffb7b2a000 	C:\WINDOWS\System32\GDI32.dll
0x00007fffb73f0000 - 0x00007fffb74fb000 	C:\WINDOWS\System32\gdi32full.dll
0x00007fffb7590000 - 0x00007fffb762d000 	C:\WINDOWS\System32\msvcp_win.dll
0x00007fffb0340000 - 0x00007fffb034a000 	C:\WINDOWS\SYSTEM32\VERSION.dll
0x00007fffb7f50000 - 0x00007fffb7f80000 	C:\WINDOWS\System32\IMM32.DLL
0x00007fffa5030000 - 0x00007fffa503c000 	C:\Program Files\Java\jdk-16.0.2\bin\vcruntime140_1.dll
0x00007fff83650000 - 0x00007fff836e1000 	C:\Program Files\Java\jdk-16.0.2\bin\msvcp140.dll
0x00007fff5c720000 - 0x00007fff5d2cb000 	C:\Program Files\Java\jdk-16.0.2\bin\server\jvm.dll
0x00007fffb9140000 - 0x00007fffb9148000 	C:\WINDOWS\System32\PSAPI.DLL
0x00007fff9fbd0000 - 0x00007fff9fbf7000 	C:\WINDOWS\SYSTEM32\WINMM.dll
0x00007fffb1780000 - 0x00007fffb1789000 	C:\WINDOWS\SYSTEM32\WSOCK32.dll
0x00007fffb9910000 - 0x00007fffb997b000 	C:\WINDOWS\System32\WS2_32.dll
0x00007fffb5990000 - 0x00007fffb59a2000 	C:\WINDOWS\SYSTEM32\kernel.appcore.dll
0x00007fffa4860000 - 0x00007fffa486a000 	C:\Program Files\Java\jdk-16.0.2\bin\jimage.dll
0x00007fffb5730000 - 0x00007fffb5914000 	C:\WINDOWS\SYSTEM32\DBGHELP.DLL
0x00007fff9fe20000 - 0x00007fff9fe4c000 	C:\WINDOWS\SYSTEM32\dbgcore.DLL
0x00007fffb7500000 - 0x00007fffb7583000 	C:\WINDOWS\System32\bcryptPrimitives.dll
0x00007fffa1910000 - 0x00007fffa1935000 	C:\Program Files\Java\jdk-16.0.2\bin\java.dll
0x00007fffb8490000 - 0x00007fffb8bcf000 	C:\WINDOWS\System32\SHELL32.dll
0x00007fffb4e60000 - 0x00007fffb55f0000 	C:\WINDOWS\SYSTEM32\windows.storage.dll
0x00007fffb7f80000 - 0x00007fffb82d5000 	C:\WINDOWS\System32\combase.dll
0x00007fffb6a80000 - 0x00007fffb6aac000 	C:\WINDOWS\SYSTEM32\Wldp.dll
0x00007fffb7ea0000 - 0x00007fffb7f4e000 	C:\WINDOWS\System32\SHCORE.dll
0x00007fffb8fb0000 - 0x00007fffb9005000 	C:\WINDOWS\System32\shlwapi.dll
0x00007fffb7030000 - 0x00007fffb704f000 	C:\WINDOWS\SYSTEM32\profapi.dll
0x00007fffa46e0000 - 0x00007fffa46f9000 	C:\Program Files\Java\jdk-16.0.2\bin\net.dll
0x00007fffaf290000 - 0x00007fffaf398000 	C:\WINDOWS\SYSTEM32\WINHTTP.dll
0x00007fffb67a0000 - 0x00007fffb680a000 	C:\WINDOWS\system32\mswsock.dll
0x00007fffa3f90000 - 0x00007fffa3fa3000 	C:\Program Files\Java\jdk-16.0.2\bin\nio.dll
0x00007fffa18f0000 - 0x00007fffa1908000 	C:\Program Files\Java\jdk-16.0.2\bin\zip.dll
0x00007fffa46b0000 - 0x00007fffa46c0000 	C:\Program Files\Java\jdk-16.0.2\bin\verify.dll

dbghelp: loaded successfully - version: 4.0.5 - missing functions: none
symbol engine: initialized successfully - sym options: 0x614 - pdb path: .;C:\Program Files\Java\jdk-16.0.2\bin;C:\WINDOWS\SYSTEM32;C:\WINDOWS\WinSxS\amd64_microsoft.windows.common-controls_6595b64144ccf1df_6.0.19041.1110_none_60b5254171f9507e;C:\Program Files\Java\jdk-16.0.2\bin\server

VM Arguments:
jvm_args: -Dfile.encoding=windows-1252 -Duser.country=BR -Duser.language=pt -Duser.variant 
java_command: com.cities.distance.citiesAPI.CitiesApiApplication
java_class_path (initial): C:\Users\kitubas\Desktop\Cursos\Java\Java DIO\ApiConsultaCidades\CitiesAPI\cities-API\build\classes\java\main;C:\Users\kitubas\Desktop\Cursos\Java\Java DIO\ApiConsultaCidades\CitiesAPI\cities-API\build\resources\main;C:\Users\kitubas\.gradle\caches\modules-2\files-2.1\org.springframework.boot\spring-boot-starter-data-jpa\2.5.4\61bdc9ccd2dd88dc956d85b4a608ef624476db7d\spring-boot-starter-data-jpa-2.5.4.jar;C:\Users\kitubas\.gradle\caches\modules-2\files-2.1\org.springframework.boot\spring-boot-starter-web\2.5.4\2bef2cedf2e0d1038ab51a2c6154579c5945e60c\spring-boot-starter-web-2.5.4.jar;C:\Users\kitubas\.gradle\caches\modules-2\files-2.1\org.postgresql\postgresql\42.2.23\9cb217a3d5b640567ed7c6e8c11f389613c81c4d\postgresql-42.2.23.jar;C:\Users\kitubas\.gradle\caches\modules-2\files-2.1\com.vladmihalcea\hibernate-types-52\2.9.8\7c7c708c65c0631b12e6cee09d057b2c826ba69b\hibernate-types-52-2.9.8.jar;C:\Users\kitubas\.gradle\caches\modules-2\files-2.1\org.springframework.boot\spring-boot-starter-aop\2.5.4\6a158adb640effb8153c7531f5ceb69f8fe2d025\spring-boot-starter-aop-2.5.4.jar;C:\Users\kitubas\.gradle\caches\modules-2\files-2.1\org.springframework.boot\spring-boot-starter-jdbc\2.5.4\ce13933bc6b2ce6789288407c9244a104c9af6ed\spring-boot-starter-jdbc-2.5.4.jar;C:\Users\kitubas\.gradle\caches\modules-2\files-2.1\jakarta.transaction\jakarta.transaction-api\1.3.3\c4179d48720a1e87202115fbed6089bdc4195405\jakarta.transaction-api-1.3.3.jar;C:\Users\kitubas\.gradle\caches\modules-2\files-2.1\jakarta.persistence\jakarta.persistence-api\2.2.3\8f6ea5daedc614f07a3654a455660145286f024e\jakarta.persistence-api-2.2.3.jar;C:\Users\kitubas\.gradle\caches\modules-2\files-2.1\org.hibernate\hibernate-core\5.4.32.Final\99a5e10bf455337014c190e141ec631e9ff71663\hibernate-core-5.4.32.Final.jar;C:\Users\kitubas\.gradle\caches\modules-2\files-2.1\org.springframework.data\spring-data-jpa\2.5.4\91fb0dcb66a316bb65e9b837757f105c4bf1359d\spring-data-jpa-2.5.4.jar;C:\Users\kitu
Launcher Type: SUN_STANDARD

[Global flags]
     intx CICompilerCount                          = 4                                         {product} {ergonomic}
     uint ConcGCThreads                            = 2                                         {product} {ergonomic}
     uint G1ConcRefinementThreads                  = 8                                         {product} {ergonomic}
   size_t G1HeapRegionSize                         = 2097152                                   {product} {ergonomic}
    uintx GCDrainStackTargetSize                   = 64                                        {product} {ergonomic}
   size_t InitialHeapSize                          = 201326592                                 {product} {ergonomic}
   size_t MarkStackSize                            = 4194304                                   {product} {ergonomic}
   size_t MaxHeapSize                              = 3198156800                                {product} {ergonomic}
   size_t MaxNewSize                               = 1918894080                                {product} {ergonomic}
   size_t MinHeapDeltaBytes                        = 2097152                                   {product} {ergonomic}
   size_t MinHeapSize                              = 8388608                                   {product} {ergonomic}
    uintx NonNMethodCodeHeapSize                   = 5839372                                {pd product} {ergonomic}
    uintx NonProfiledCodeHeapSize                  = 122909434                              {pd product} {ergonomic}
    uintx ProfiledCodeHeapSize                     = 122909434                              {pd product} {ergonomic}
    uintx ReservedCodeCacheSize                    = 251658240                              {pd product} {ergonomic}
     bool SegmentedCodeCache                       = true                                      {product} {ergonomic}
   size_t SoftMaxHeapSize                          = 3198156800                             {manageable} {ergonomic}
     bool UseCompressedClassPointers               = true                           {product lp64_product} {ergonomic}
     bool UseCompressedOops                        = true                           {product lp64_product} {ergonomic}
     bool UseG1GC                                  = true                                      {product} {ergonomic}
     bool UseLargePagesIndividualAllocation        = false                                  {pd product} {ergonomic}

Logging:
Log output configuration:
 #0: stdout all=warning uptime,level,tags
 #1: stderr all=off uptime,level,tags

Environment Variables:
JAVA_HOME=C:\Program Files\Java\jdk-16.0.2
PATH=C:\Program Files\Java\jdk-16.0.2/bin;C:\Program Files\Common Files\Oracle\Java\javapath;C:\Program Files (x86)\Common Files\Intel\Shared Libraries\redist\ia32\compiler;C:\Program Files (x86)\Common Files\Intel\Shared Libraries\redist\intel64\compiler;C:\Program Files (x86)\Common Files\Oracle\Java\javapath;C:\Program Files (x86)\Intel\iCLS Client\;C:\Program Files\Intel\iCLS Client\;C:\WINDOWS\system32;C:\WINDOWS;C:\WINDOWS\System32\Wbem;C:\WINDOWS\System32\WindowsPowerShell\v1.0\;C:\WINDOWS\System32\OpenSSH\;C:\Program Files (x86)\Intel\Intel(R) Management Engine Components\DAL;C:\Program Files\Intel\Intel(R) Management Engine Components\DAL;C:\Program Files (x86)\Intel\Intel(R) Management Engine Components\IPT;C:\Program Files\Intel\Intel(R) Management Engine Components\IPT;C:\Users\kitubas\AppData\Local\Microsoft\WindowsApps;C:\adb;C:\Program Files\nodejs\;C:\WINDOWS\system32;C:\WINDOWS;C:\WINDOWS\System32\Wbem;C:\WINDOWS\System32\WindowsPowerShell\v1.0\;C:\WINDOWS\System32\OpenSSH\;C:\Program Files\Docker\Docker\resources\bin;C:\ProgramData\DockerDesktop\version-bin;C:\Program Files\Git\cmd;C:\Gradle\gradle-4.7\bin;C:\Users\kitubas\AppData\Local\Microsoft\WindowsApps;C:\Users\kitubas\AppData\Local\Programs\Microsoft VS Code\bin;C:\Users\kitubas\AppData\Roaming\npm;C:\Users\kitubas\Documents\apache-maven-3.8.1\bin;C:\Program Files\heroku\bin
USERNAME=kitubas
OS=Windows_NT
PROCESSOR_IDENTIFIER=Intel64 Family 6 Model 142 Stepping 10, GenuineIntel



---------------  S Y S T E M  ---------------

OS:
 Windows 10 , 64 bit Build 19041 (10.0.19041.1151)
OS uptime: 0 days 12:53 hours
Hyper-V role detected

CPU: total 8 (initial active 8) (4 cores per cpu, 2 threads per core) family 6 model 142 stepping 10 microcode 0xea, cx8, cmov, fxsr, ht, mmx, 3dnowpref, sse, sse2, sse3, ssse3, sse4.1, sse4.2, popcnt, lzcnt, tsc, tscinvbit, avx, avx2, aes, erms, clmul, bmi1, bmi2, adx, fma, vzeroupper, clflush, clflushopt, hv

Memory: 4k page, system-wide physical 12197M (672M free)
TotalPageFile size 12197M (AvailPageFile size 4M)
current process WorkingSet (physical memory assigned to process): 63M, peak: 63M
current process commit charge ("private bytes"): 291M, peak: 291M

vm_info: Java HotSpot(TM) 64-Bit Server VM (16.0.2+7-67) for windows-amd64 JRE (16.0.2+7-67), built on Jun  8 2021 23:24:19 by "mach5one" with MS VC++ 16.7 (VS2019)

END.
