#
# There is insufficient memory for the Java Runtime Environment to continue.
# Native memory allocation (malloc) failed to allocate 934416 bytes for Chunk::new
# Possible reasons:
#   The system is out of physical RAM or swap space
#   The process is running with CompressedOops enabled, and the Java Heap may be blocking the growth of the native heap
# Possible solutions:
#   Reduce memory load on the system
#   Increase physical memory or swap space
#   Check if swap backing store is full
#   Decrease Java heap size (-Xmx/-Xms)
#   Decrease number of Java threads
#   Decrease Java thread stack sizes (-Xss)
#   Set larger code cache with -XX:ReservedCodeCacheSize=
#   JVM is running with Zero Based Compressed Oops mode in which the Java heap is
#     placed in the first 32GB address space. The Java Heap base address is the
#     maximum limit for the native heap growth. Please use -XX:HeapBaseMinAddress
#     to set the Java Heap base and to place the Java Heap above 32GB virtual address.
# This output file may be truncated or incomplete.
#
#  Out of Memory Error (allocation.cpp:389), pid=22200, tid=0x00000000000036f8
#
# JRE version: Java(TM) SE Runtime Environment (8.0_291-b10) (build 1.8.0_291-b10)
# Java VM: Java HotSpot(TM) 64-Bit Server VM (25.291-b10 mixed mode windows-amd64 compressed oops)
# Failed to write core dump. Minidumps are not enabled by default on client versions of Windows
#

---------------  T H R E A D  ---------------

Current thread (0x000002225d373000):  JavaThread "C2 CompilerThread0" daemon [_thread_in_native, id=14072, stack(0x00000051cef00000,0x00000051cf000000)]

Stack: [0x00000051cef00000,0x00000051cf000000]
Native frames: (J=compiled Java code, j=interpreted, Vv=VM code, C=native code)
V  [jvm.dll+0x32ea19]


Current CompileTask:
C2:   4460 3285       4       java.net.URLStreamHandler::parseURL (1193 bytes)


---------------  P R O C E S S  ---------------

Java Threads: ( => current thread )
  0x0000022263f26800 JavaThread "HikariPool-1 connection adder" daemon [_thread_blocked, id=20920, stack(0x00000051cfa00000,0x00000051cfb00000)]
  0x0000022263f24000 JavaThread "HikariPool-1 housekeeper" daemon [_thread_blocked, id=6540, stack(0x00000051cf900000,0x00000051cfa00000)]
  0x00000222622c8800 JavaThread "container-0" [_thread_blocked, id=22064, stack(0x00000051cf700000,0x00000051cf800000)]
  0x00000222622c7800 JavaThread "Catalina-utility-2" [_thread_blocked, id=4776, stack(0x00000051cf600000,0x00000051cf700000)]
  0x0000022264e78800 JavaThread "Catalina-utility-1" [_thread_blocked, id=15228, stack(0x00000051cf500000,0x00000051cf600000)]
  0x000002225f1e8800 JavaThread "Service Thread" daemon [_thread_blocked, id=9920, stack(0x00000051cf300000,0x00000051cf400000)]
  0x000002225d387000 JavaThread "C1 CompilerThread3" daemon [_thread_blocked, id=21852, stack(0x00000051cf200000,0x00000051cf300000)]
  0x000002225d384800 JavaThread "C2 CompilerThread2" daemon [_thread_blocked, id=13156, stack(0x00000051cf100000,0x00000051cf200000)]
  0x000002225d377000 JavaThread "C2 CompilerThread1" daemon [_thread_in_native, id=13932, stack(0x00000051cf000000,0x00000051cf100000)]
=>0x000002225d373000 JavaThread "C2 CompilerThread0" daemon [_thread_in_native, id=14072, stack(0x00000051cef00000,0x00000051cf000000)]
  0x000002225d372000 JavaThread "Attach Listener" daemon [_thread_blocked, id=932, stack(0x00000051cee00000,0x00000051cef00000)]
  0x000002225d371000 JavaThread "Signal Dispatcher" daemon [_thread_blocked, id=6244, stack(0x00000051ced00000,0x00000051cee00000)]
  0x000002225d356000 JavaThread "Finalizer" daemon [_thread_blocked, id=17632, stack(0x00000051cec00000,0x00000051ced00000)]
  0x000002225d34d800 JavaThread "Reference Handler" daemon [_thread_blocked, id=3380, stack(0x00000051ceb00000,0x00000051cec00000)]
  0x0000022244d3c800 JavaThread "main" [_thread_in_Java, id=7000, stack(0x00000051ce100000,0x00000051ce200000)]

Other Threads:
  0x000002225d322800 VMThread [stack: 0x00000051cea00000,0x00000051ceb00000] [id=20356]
  0x000002225f202000 WatcherThread [stack: 0x00000051cf400000,0x00000051cf500000] [id=21516]

VM state:not at safepoint (normal execution)

VM Mutex/Monitor currently owned by a thread: None

heap address: 0x0000000701600000, size: 3050 MB, Compressed Oops mode: Zero based, Oop shift amount: 3
Narrow klass base: 0x0000000000000000, Narrow klass shift: 3
Compressed class space size: 1073741824 Address: 0x00000007c0000000

Heap:
 PSYoungGen      total 160768K, used 48307K [0x0000000780780000, 0x000000078b180000, 0x00000007c0000000)
  eden space 149504K, 32% used [0x0000000780780000,0x00000007836acd40,0x0000000789980000)
  from space 11264K, 0% used [0x000000078a680000,0x000000078a680000,0x000000078b180000)
  to   space 12288K, 0% used [0x0000000789980000,0x0000000789980000,0x000000078a580000)
 ParOldGen       total 123392K, used 14426K [0x0000000701600000, 0x0000000708e80000, 0x0000000780780000)
  object space 123392K, 11% used [0x0000000701600000,0x0000000702416978,0x0000000708e80000)
 Metaspace       used 39525K, capacity 41586K, committed 41816K, reserved 1087488K
  class space    used 5310K, capacity 5689K, committed 5720K, reserved 1048576K

Card table byte_map: [0x0000022255aa0000,0x00000222560a0000] byte_map_base: 0x0000022252295000

Marking Bits: (ParMarkBitMap*) 0x000000006ab47fe0
 Begin Bits: [0x00000222564a0000, 0x0000022259448000)
 End Bits:   [0x0000022259448000, 0x000002225c3f0000)

Polling page: 0x0000022244cc0000

CodeCache: size=245760Kb used=11422Kb max_used=11433Kb free=234338Kb
 bounds [0x00000222466e0000, 0x0000022247220000, 0x00000222556e0000]
 total_blobs=3735 nmethods=3295 adapters=352
 compilation: enabled

Compilation events (10 events):
Event: 4.435 Thread 0x000002225d377000 nmethod 3292 0x000002224720ef90 code [0x000002224720f0c0, 0x000002224720f178]
Event: 4.435 Thread 0x000002225d384800 3293       4       java.lang.Class$MethodArray::matchesNameAndDescriptor (42 bytes)
Event: 4.435 Thread 0x000002225d387000 3294       3       java.lang.Class$MethodArray::addIfNotPresent (47 bytes)
Event: 4.435 Thread 0x000002225d387000 nmethod 3294 0x000002224720e850 code [0x000002224720e9e0, 0x000002224720ede0]
Event: 4.437 Thread 0x000002225d384800 nmethod 3293 0x000002224720cd90 code [0x000002224720cee0, 0x000002224720d168]
Event: 4.438 Thread 0x000002225d377000 3295       4       java.util.zip.InflaterInputStream::<init> (79 bytes)
Event: 4.439 Thread 0x000002225d384800 3296       4       java.util.WeakHashMap::put (162 bytes)
Event: 4.440 Thread 0x000002225d377000 nmethod 3295 0x000002224720c710 code [0x000002224720c860, 0x000002224720cbb8]
Event: 4.443 Thread 0x000002225d384800 nmethod 3296 0x00000222472101d0 code [0x0000022247210340, 0x0000022247210798]
Event: 4.445 Thread 0x000002225d377000 3297       4       java.net.URLStreamHandler::toExternalForm (219 bytes)

GC Heap History (10 events):
Event: 1.380 GC heap before
{Heap before GC invocations=4 (full 0):
 PSYoungGen      total 57344K, used 21699K [0x0000000780780000, 0x0000000787780000, 0x00000007c0000000)
  eden space 49152K, 32% used [0x0000000780780000,0x00000007816f2f68,0x0000000783780000)
  from space 8192K, 71% used [0x0000000783780000,0x0000000783d3dde0,0x0000000783f80000)
  to   space 8192K, 0% used [0x0000000786f80000,0x0000000786f80000,0x0000000787780000)
 ParOldGen       total 131072K, used 1241K [0x0000000701600000, 0x0000000709600000, 0x0000000780780000)
  object space 131072K, 0% used [0x0000000701600000,0x00000007017367b0,0x0000000709600000)
 Metaspace       used 20218K, capacity 21178K, committed 21248K, reserved 1067008K
  class space    used 2536K, capacity 2769K, committed 2816K, reserved 1048576K
Event: 1.384 GC heap after
Heap after GC invocations=4 (full 0):
 PSYoungGen      total 106496K, used 6650K [0x0000000780780000, 0x0000000787780000, 0x00000007c0000000)
  eden space 98304K, 0% used [0x0000000780780000,0x0000000780780000,0x0000000786780000)
  from space 8192K, 81% used [0x0000000786f80000,0x00000007875feb10,0x0000000787780000)
  to   space 8192K, 0% used [0x0000000786780000,0x0000000786780000,0x0000000786f80000)
 ParOldGen       total 131072K, used 1249K [0x0000000701600000, 0x0000000709600000, 0x0000000780780000)
  object space 131072K, 0% used [0x0000000701600000,0x00000007017387b0,0x0000000709600000)
 Metaspace       used 20218K, capacity 21178K, committed 21248K, reserved 1067008K
  class space    used 2536K, capacity 2769K, committed 2816K, reserved 1048576K
}
Event: 1.384 GC heap before
{Heap before GC invocations=5 (full 1):
 PSYoungGen      total 106496K, used 6650K [0x0000000780780000, 0x0000000787780000, 0x00000007c0000000)
  eden space 98304K, 0% used [0x0000000780780000,0x0000000780780000,0x0000000786780000)
  from space 8192K, 81% used [0x0000000786f80000,0x00000007875feb10,0x0000000787780000)
  to   space 8192K, 0% used [0x0000000786780000,0x0000000786780000,0x0000000786f80000)
 ParOldGen       total 131072K, used 1249K [0x0000000701600000, 0x0000000709600000, 0x0000000780780000)
  object space 131072K, 0% used [0x0000000701600000,0x00000007017387b0,0x0000000709600000)
 Metaspace       used 20218K, capacity 21178K, committed 21248K, reserved 1067008K
  class space    used 2536K, capacity 2769K, committed 2816K, reserved 1048576K
Event: 1.408 GC heap after
Heap after GC invocations=5 (full 1):
 PSYoungGen      total 106496K, used 0K [0x0000000780780000, 0x0000000787780000, 0x00000007c0000000)
  eden space 98304K, 0% used [0x0000000780780000,0x0000000780780000,0x0000000786780000)
  from space 8192K, 0% used [0x0000000786f80000,0x0000000786f80000,0x0000000787780000)
  to   space 8192K, 0% used [0x0000000786780000,0x0000000786780000,0x0000000786f80000)
 ParOldGen       total 77824K, used 6481K [0x0000000701600000, 0x0000000706200000, 0x0000000780780000)
  object space 77824K, 8% used [0x0000000701600000,0x0000000701c54798,0x0000000706200000)
 Metaspace       used 20218K, capacity 21178K, committed 21248K, reserved 1067008K
  class space    used 2536K, capacity 2769K, committed 2816K, reserved 1048576K
}
Event: 2.813 GC heap before
{Heap before GC invocations=6 (full 1):
 PSYoungGen      total 106496K, used 98304K [0x0000000780780000, 0x0000000787780000, 0x00000007c0000000)
  eden space 98304K, 100% used [0x0000000780780000,0x0000000786780000,0x0000000786780000)
  from space 8192K, 0% used [0x0000000786f80000,0x0000000786f80000,0x0000000787780000)
  to   space 8192K, 0% used [0x0000000786780000,0x0000000786780000,0x0000000786f80000)
 ParOldGen       total 77824K, used 6481K [0x0000000701600000, 0x0000000706200000, 0x0000000780780000)
  object space 77824K, 8% used [0x0000000701600000,0x0000000701c54798,0x0000000706200000)
 Metaspace       used 27901K, capacity 29676K, committed 29824K, reserved 1075200K
  class space    used 3591K, capacity 3916K, committed 3968K, reserved 1048576K
Event: 2.822 GC heap after
Heap after GC invocations=6 (full 1):
 PSYoungGen      total 106496K, used 8170K [0x0000000780780000, 0x000000078b200000, 0x00000007c0000000)
  eden space 98304K, 0% used [0x0000000780780000,0x0000000780780000,0x0000000786780000)
  from space 8192K, 99% used [0x0000000786780000,0x0000000786f7a970,0x0000000786f80000)
  to   space 11776K, 0% used [0x000000078a680000,0x000000078a680000,0x000000078b200000)
 ParOldGen       total 77824K, used 8910K [0x0000000701600000, 0x0000000706200000, 0x0000000780780000)
  object space 77824K, 11% used [0x0000000701600000,0x0000000701eb38b0,0x0000000706200000)
 Metaspace       used 27901K, capacity 29676K, committed 29824K, reserved 1075200K
  class space    used 3591K, capacity 3916K, committed 3968K, reserved 1048576K
}
Event: 3.508 GC heap before
{Heap before GC invocations=7 (full 1):
 PSYoungGen      total 106496K, used 83841K [0x0000000780780000, 0x000000078b200000, 0x00000007c0000000)
  eden space 98304K, 76% used [0x0000000780780000,0x0000000785165e80,0x0000000786780000)
  from space 8192K, 99% used [0x0000000786780000,0x0000000786f7a970,0x0000000786f80000)
  to   space 11776K, 0% used [0x000000078a680000,0x000000078a680000,0x000000078b200000)
 ParOldGen       total 77824K, used 8910K [0x0000000701600000, 0x0000000706200000, 0x0000000780780000)
  object space 77824K, 11% used [0x0000000701600000,0x0000000701eb38b0,0x0000000706200000)
 Metaspace       used 33346K, capacity 35312K, committed 35416K, reserved 1079296K
  class space    used 4264K, capacity 4636K, committed 4696K, reserved 1048576K
Event: 3.517 GC heap after
Heap after GC invocations=7 (full 1):
 PSYoungGen      total 160768K, used 9961K [0x0000000780780000, 0x000000078b180000, 0x00000007c0000000)
  eden space 149504K, 0% used [0x0000000780780000,0x0000000780780000,0x0000000789980000)
  from space 11264K, 88% used [0x000000078a680000,0x000000078b03a5b0,0x000000078b180000)
  to   space 12288K, 0% used [0x0000000789980000,0x0000000789980000,0x000000078a580000)
 ParOldGen       total 77824K, used 8918K [0x0000000701600000, 0x0000000706200000, 0x0000000780780000)
  object space 77824K, 11% used [0x0000000701600000,0x0000000701eb58b0,0x0000000706200000)
 Metaspace       used 33346K, capacity 35312K, committed 35416K, reserved 1079296K
  class space    used 4264K, capacity 4636K, committed 4696K, reserved 1048576K
}
Event: 3.517 GC heap before
{Heap before GC invocations=8 (full 2):
 PSYoungGen      total 160768K, used 9961K [0x0000000780780000, 0x000000078b180000, 0x00000007c0000000)
  eden space 149504K, 0% used [0x0000000780780000,0x0000000780780000,0x0000000789980000)
  from space 11264K, 88% used [0x000000078a680000,0x000000078b03a5b0,0x000000078b180000)
  to   space 12288K, 0% used [0x0000000789980000,0x0000000789980000,0x000000078a580000)
 ParOldGen       total 77824K, used 8918K [0x0000000701600000, 0x0000000706200000, 0x0000000780780000)
  object space 77824K, 11% used [0x0000000701600000,0x0000000701eb58b0,0x0000000706200000)
 Metaspace       used 33346K, capacity 35312K, committed 35416K, reserved 1079296K
  class space    used 4264K, capacity 4636K, committed 4696K, reserved 1048576K
Event: 3.567 GC heap after
Heap after GC invocations=8 (full 2):
 PSYoungGen      total 160768K, used 0K [0x0000000780780000, 0x000000078b180000, 0x00000007c0000000)
  eden space 149504K, 0% used [0x0000000780780000,0x0000000780780000,0x0000000789980000)
  from space 11264K, 0% used [0x000000078a680000,0x000000078a680000,0x000000078b180000)
  to   space 12288K, 0% used [0x0000000789980000,0x0000000789980000,0x000000078a580000)
 ParOldGen       total 123392K, used 14426K [0x0000000701600000, 0x0000000708e80000, 0x0000000780780000)
  object space 123392K, 11% used [0x0000000701600000,0x0000000702416978,0x0000000708e80000)
 Metaspace       used 33346K, capacity 35312K, committed 35416K, reserved 1079296K
  class space    used 4264K, capacity 4636K, committed 4696K, reserved 1048576K
}

Deoptimization events (10 events):
Event: 3.180 Thread 0x0000022244d3c800 Uncommon trap: reason=class_check action=maybe_recompile pc=0x00000222470100a4 method=java.util.Properties$LineReader.readLine()I @ 410
Event: 3.180 Thread 0x0000022244d3c800 Uncommon trap: reason=class_check action=maybe_recompile pc=0x0000022247010084 method=java.util.Properties$LineReader.readLine()I @ 62
Event: 3.180 Thread 0x0000022244d3c800 Uncommon trap: reason=unstable_if action=reinterpret pc=0x000002224706c3a0 method=java.net.URI.match(CJJ)Z @ 45
Event: 3.235 Thread 0x0000022244d3c800 Uncommon trap: reason=unstable_if action=reinterpret pc=0x0000022246d2ef7c method=java.lang.CharacterDataLatin1.isWhitespace(I)Z @ 14
Event: 3.235 Thread 0x0000022244d3c800 Uncommon trap: reason=unstable_if action=reinterpret pc=0x00000222469ae37c method=java.lang.CharacterDataLatin1.isWhitespace(I)Z @ 14
Event: 3.305 Thread 0x0000022244d3c800 Uncommon trap: reason=unstable_if action=reinterpret pc=0x0000022247034740 method=java.net.URL.<init>(Ljava/net/URL;Ljava/lang/String;Ljava/net/URLStreamHandler;)V @ 57
Event: 3.305 Thread 0x0000022244d3c800 Uncommon trap: reason=unstable_if action=reinterpret pc=0x000002224708f6a0 method=java.net.URLStreamHandler.parseURL(Ljava/net/URL;Ljava/lang/String;II)V @ 57
Event: 3.740 Thread 0x0000022244d3c800 Uncommon trap: reason=unstable_if action=reinterpret pc=0x0000022246d9259c method=java.lang.ClassLoader.getClassLoadingLock(Ljava/lang/String;)Ljava/lang/Object; @ 6
Event: 4.435 Thread 0x0000022244d3c800 Uncommon trap: reason=unstable_if action=reinterpret pc=0x000002224701afc4 method=java.lang.Class$MethodArray.addIfNotPresent(Ljava/lang/reflect/Method;)V @ 19
Event: 4.435 Thread 0x0000022244d3c800 Uncommon trap: reason=unstable_if action=reinterpret pc=0x000002224701d740 method=java.lang.Class$MethodArray.addIfNotPresent(Ljava/lang/reflect/Method;)V @ 19

Classes redefined (0 events):
No events

Internal exceptions (10 events):
Event: 1.980 Thread 0x0000022244d3c800 Exception <a 'java/lang/ClassNotFoundException': org/springframework/transaction/annotation/ProxyTransactionManagementConfigurationCustomizer> (0x0000000783d7f2c0) thrown at [C:\jenkins\workspace\8-2-build-windows-amd64-cygwin\jdk8u291\1294\hotspot\src\sh
Event: 1.981 Thread 0x0000022244d3c800 Exception <a 'java/lang/ClassNotFoundException': org/springframework/context/annotation/ImportAwareCustomizer> (0x0000000783d98200) thrown at [C:\jenkins\workspace\8-2-build-windows-amd64-cygwin\jdk8u291\1294\hotspot\src\share\vm\classfile\systemDictionar
Event: 1.982 Thread 0x0000022244d3c800 Exception <a 'java/lang/ClassNotFoundException': org/springframework/beans/factory/AwareCustomizer> (0x0000000783dab0b8) thrown at [C:\jenkins\workspace\8-2-build-windows-amd64-cygwin\jdk8u291\1294\hotspot\src\share\vm\classfile\systemDictionary.cpp, line
Event: 1.982 Thread 0x0000022244d3c800 Implicit null exception at 0x0000022246ee3c4c to 0x0000022246ee3df5
Event: 2.028 Thread 0x0000022244d3c800 Exception <a 'java/lang/NoSuchMethodError': java.lang.Object.lambda$map$1(Ljava/util/function/Function;)Ljava/util/stream/Stream;> (0x00000007842012a8) thrown at [C:\jenkins\workspace\8-2-build-windows-amd64-cygwin\jdk8u291\1294\hotspot\src\share\vm\inter
Event: 2.135 Thread 0x0000022244d3c800 Exception <a 'java/lang/IncompatibleClassChangeError': Found class java.lang.Object, but interface was expected> (0x0000000784891688) thrown at [C:\jenkins\workspace\8-2-build-windows-amd64-cygwin\jdk8u291\1294\hotspot\src\share\vm\interpreter\linkResolve
Event: 2.867 Thread 0x0000022244d3c800 Exception <a 'java/io/FileNotFoundException'> (0x00000007826ab0a8) thrown at [C:\jenkins\workspace\8-2-build-windows-amd64-cygwin\jdk8u291\1294\hotspot\src\share\vm\prims\jni.cpp, line 710]
Event: 2.867 Thread 0x0000022244d3c800 Exception <a 'java/io/FileNotFoundException'> (0x00000007826aca60) thrown at [C:\jenkins\workspace\8-2-build-windows-amd64-cygwin\jdk8u291\1294\hotspot\src\share\vm\prims\jni.cpp, line 710]
Event: 2.945 Thread 0x0000022244d3c800 Exception <a 'java/io/FileNotFoundException'> (0x0000000782d07e48) thrown at [C:\jenkins\workspace\8-2-build-windows-amd64-cygwin\jdk8u291\1294\hotspot\src\share\vm\prims\jni.cpp, line 710]
Event: 2.989 Thread 0x0000022244d3c800 Implicit null exception at 0x0000022246924414 to 0x00000222469247d5

Events (10 events):
Event: 4.454 loading class org/hibernate/internal/util/collections/BoundedConcurrentHashMap$Segment
Event: 4.454 loading class org/hibernate/internal/util/collections/BoundedConcurrentHashMap$Segment done
Event: 4.455 loading class org/hibernate/internal/util/collections/BoundedConcurrentHashMap$LIRS
Event: 4.455 loading class org/hibernate/internal/util/collections/BoundedConcurrentHashMap$LIRS done
Event: 4.456 loading class org/hibernate/internal/util/collections/BoundedConcurrentHashMap$HashEntry
Event: 4.456 loading class org/hibernate/internal/util/collections/BoundedConcurrentHashMap$HashEntry done
Event: 4.456 loading class org/hibernate/internal/util/collections/BoundedConcurrentHashMap$LIRSHashEntry
Event: 4.456 loading class org/hibernate/internal/util/collections/BoundedConcurrentHashMap$LIRSHashEntry done
Event: 4.457 loading class org/hibernate/internal/util/collections/BoundedConcurrentHashMap$Recency
Event: 4.457 loading class org/hibernate/internal/util/collections/BoundedConcurrentHashMap$Recency done


Dynamic libraries:
0x00007ff7ab2a0000 - 0x00007ff7ab2e7000 	C:\Program Files\Java\jdk1.8.0_291\bin\java.exe
0x00007fff20450000 - 0x00007fff20645000 	C:\WINDOWS\SYSTEM32\ntdll.dll
0x00007fff1f6d0000 - 0x00007fff1f78d000 	C:\WINDOWS\System32\KERNEL32.DLL
0x00007fff1ddd0000 - 0x00007fff1e099000 	C:\WINDOWS\System32\KERNELBASE.dll
0x00007fff1e550000 - 0x00007fff1e5fc000 	C:\WINDOWS\System32\ADVAPI32.dll
0x00007fff1f160000 - 0x00007fff1f1fe000 	C:\WINDOWS\System32\msvcrt.dll
0x00007fff1e8f0000 - 0x00007fff1e98b000 	C:\WINDOWS\System32\sechost.dll
0x00007fff1e7c0000 - 0x00007fff1e8ea000 	C:\WINDOWS\System32\RPCRT4.dll
0x00007fff1f450000 - 0x00007fff1f5f0000 	C:\WINDOWS\System32\USER32.dll
0x00007fff1e240000 - 0x00007fff1e262000 	C:\WINDOWS\System32\win32u.dll
0x00007fff1e660000 - 0x00007fff1e68a000 	C:\WINDOWS\System32\GDI32.dll
0x00007fff1e130000 - 0x00007fff1e23b000 	C:\WINDOWS\System32\gdi32full.dll
0x00007fff1db80000 - 0x00007fff1dc1d000 	C:\WINDOWS\System32\msvcp_win.dll
0x00007fff1dcd0000 - 0x00007fff1ddd0000 	C:\WINDOWS\System32\ucrtbase.dll
0x00007fff0b6d0000 - 0x00007fff0b96a000 	C:\WINDOWS\WinSxS\amd64_microsoft.windows.common-controls_6595b64144ccf1df_6.0.19041.1110_none_60b5254171f9507e\COMCTL32.dll
0x00007fff1f370000 - 0x00007fff1f3a0000 	C:\WINDOWS\System32\IMM32.DLL
0x00007fff17170000 - 0x00007fff17185000 	C:\Program Files\Java\jdk1.8.0_291\jre\bin\vcruntime140.dll
0x00007ffef25e0000 - 0x00007ffef267b000 	C:\Program Files\Java\jdk1.8.0_291\jre\bin\msvcp140.dll
0x000000006a360000 - 0x000000006abc0000 	C:\Program Files\Java\jdk1.8.0_291\jre\bin\server\jvm.dll
0x00007fff1f350000 - 0x00007fff1f358000 	C:\WINDOWS\System32\PSAPI.DLL
0x00007fff159d0000 - 0x00007fff159d9000 	C:\WINDOWS\SYSTEM32\WSOCK32.dll
0x00007fff18100000 - 0x00007fff1810a000 	C:\WINDOWS\SYSTEM32\VERSION.dll
0x00007fff0a810000 - 0x00007fff0a837000 	C:\WINDOWS\SYSTEM32\WINMM.dll
0x00007fff1f2e0000 - 0x00007fff1f34b000 	C:\WINDOWS\System32\WS2_32.dll
0x00007fff1c3f0000 - 0x00007fff1c402000 	C:\WINDOWS\SYSTEM32\kernel.appcore.dll
0x00007fff15c50000 - 0x00007fff15c60000 	C:\Program Files\Java\jdk1.8.0_291\jre\bin\verify.dll
0x00007fff01cb0000 - 0x00007fff01cdb000 	C:\Program Files\Java\jdk1.8.0_291\jre\bin\java.dll
0x00007fff01bc0000 - 0x00007fff01bd8000 	C:\Program Files\Java\jdk1.8.0_291\jre\bin\zip.dll
0x00007fff1fca0000 - 0x00007fff203df000 	C:\WINDOWS\System32\SHELL32.dll
0x00007fff1b9f0000 - 0x00007fff1c180000 	C:\WINDOWS\SYSTEM32\windows.storage.dll
0x00007fff1f7f0000 - 0x00007fff1fb45000 	C:\WINDOWS\System32\combase.dll
0x00007fff1d4e0000 - 0x00007fff1d50c000 	C:\WINDOWS\SYSTEM32\Wldp.dll
0x00007fff1f3a0000 - 0x00007fff1f44e000 	C:\WINDOWS\System32\SHCORE.dll
0x00007fff1ea40000 - 0x00007fff1ea95000 	C:\WINDOWS\System32\shlwapi.dll
0x00007fff1da90000 - 0x00007fff1daaf000 	C:\WINDOWS\SYSTEM32\profapi.dll
0x00007fff15c40000 - 0x00007fff15c4d000 	C:\Program Files\Java\jdk1.8.0_291\jre\bin\management.dll
0x00007fff01b80000 - 0x00007fff01b9c000 	C:\Program Files\Java\jdk1.8.0_291\jre\bin\net.dll
0x00007fff1d1f0000 - 0x00007fff1d25a000 	C:\WINDOWS\system32\mswsock.dll
0x00007ffee9300000 - 0x00007ffee9317000 	C:\WINDOWS\system32\napinsp.dll
0x00007ffee92e0000 - 0x00007ffee92fb000 	C:\WINDOWS\system32\pnrpnsp.dll
0x00007fff18770000 - 0x00007fff18785000 	C:\WINDOWS\system32\wshbth.dll
0x00007fff17090000 - 0x00007fff170ad000 	C:\WINDOWS\system32\NLAapi.dll
0x00007fff1cef0000 - 0x00007fff1cf2b000 	C:\WINDOWS\SYSTEM32\IPHLPAPI.DLL
0x00007fff1cf30000 - 0x00007fff1cffc000 	C:\WINDOWS\SYSTEM32\DNSAPI.dll
0x00007fff1e690000 - 0x00007fff1e698000 	C:\WINDOWS\System32\NSI.dll
0x00007ffee92c0000 - 0x00007ffee92d2000 	C:\WINDOWS\System32\winrnr.dll
0x00007fff16950000 - 0x00007fff1695a000 	C:\Windows\System32\rasadhlp.dll
0x00007fff13a10000 - 0x00007fff13a8f000 	C:\WINDOWS\System32\fwpuclnt.dll
0x00007fff1db50000 - 0x00007fff1db77000 	C:\WINDOWS\System32\bcrypt.dll
0x00007fff01b60000 - 0x00007fff01b73000 	C:\Program Files\Java\jdk1.8.0_291\jre\bin\nio.dll
0x00007fff1d3e0000 - 0x00007fff1d3f8000 	C:\WINDOWS\SYSTEM32\CRYPTSP.dll
0x00007fff1cb80000 - 0x00007fff1cbb4000 	C:\WINDOWS\system32\rsaenh.dll
0x00007fff1da10000 - 0x00007fff1da3e000 	C:\WINDOWS\SYSTEM32\USERENV.dll
0x00007fff1e0a0000 - 0x00007fff1e123000 	C:\WINDOWS\System32\bcryptprimitives.dll
0x00007fff1d3d0000 - 0x00007fff1d3dc000 	C:\WINDOWS\SYSTEM32\CRYPTBASE.dll
0x00007fff152a0000 - 0x00007fff152b7000 	C:\WINDOWS\SYSTEM32\dhcpcsvc6.DLL
0x00007fff16220000 - 0x00007fff1623d000 	C:\WINDOWS\SYSTEM32\dhcpcsvc.DLL

VM Arguments:
jvm_args: -Dfile.encoding=windows-1252 -Duser.country=BR -Duser.language=pt -Duser.variant 
java_command: com.cities.distance.citiesAPI.CitiesApiApplication
java_class_path (initial): C:\Users\kitubas\Desktop\Cursos\Java\Java DIO\ApiConsultaCidades\CitiesAPI\cities-API\build\classes\java\main;C:\Users\kitubas\Desktop\Cursos\Java\Java DIO\ApiConsultaCidades\CitiesAPI\cities-API\build\resources\main;C:\Users\kitubas\.gradle\caches\modules-2\files-2.1\org.springframework.boot\spring-boot-starter-data-jpa\2.5.4\61bdc9ccd2dd88dc956d85b4a608ef624476db7d\spring-boot-starter-data-jpa-2.5.4.jar;C:\Users\kitubas\.gradle\caches\modules-2\files-2.1\org.springframework.boot\spring-boot-starter-web\2.5.4\2bef2cedf2e0d1038ab51a2c6154579c5945e60c\spring-boot-starter-web-2.5.4.jar;C:\Users\kitubas\.gradle\caches\modules-2\files-2.1\org.postgresql\postgresql\42.2.23\9cb217a3d5b640567ed7c6e8c11f389613c81c4d\postgresql-42.2.23.jar;C:\Users\kitubas\.gradle\caches\modules-2\files-2.1\org.springframework.boot\spring-boot-starter-aop\2.5.4\6a158adb640effb8153c7531f5ceb69f8fe2d025\spring-boot-starter-aop-2.5.4.jar;C:\Users\kitubas\.gradle\caches\modules-2\files-2.1\org.springframework.boot\spring-boot-starter-jdbc\2.5.4\ce13933bc6b2ce6789288407c9244a104c9af6ed\spring-boot-starter-jdbc-2.5.4.jar;C:\Users\kitubas\.gradle\caches\modules-2\files-2.1\jakarta.transaction\jakarta.transaction-api\1.3.3\c4179d48720a1e87202115fbed6089bdc4195405\jakarta.transaction-api-1.3.3.jar;C:\Users\kitubas\.gradle\caches\modules-2\files-2.1\jakarta.persistence\jakarta.persistence-api\2.2.3\8f6ea5daedc614f07a3654a455660145286f024e\jakarta.persistence-api-2.2.3.jar;C:\Users\kitubas\.gradle\caches\modules-2\files-2.1\org.hibernate\hibernate-core\5.4.32.Final\99a5e10bf455337014c190e141ec631e9ff71663\hibernate-core-5.4.32.Final.jar;C:\Users\kitubas\.gradle\caches\modules-2\files-2.1\org.springframework.data\spring-data-jpa\2.5.4\91fb0dcb66a316bb65e9b837757f105c4bf1359d\spring-data-jpa-2.5.4.jar;C:\Users\kitubas\.gradle\caches\modules-2\files-2.1\org.springframework\spring-aspects\5.3.9\ee2c3f8f99e1f115f502a7e47e632b1ed229e766\spring-aspects-5.3.9.jar;C:\Users\kitubas\.
Launcher Type: SUN_STANDARD

Environment Variables:
JAVA_HOME=C:\Program Files\Java\jdk-16.0.2
PATH=C:\Program Files\Java\jdk-16.0.2/bin;C:\Program Files\Common Files\Oracle\Java\javapath;C:\Program Files (x86)\Common Files\Intel\Shared Libraries\redist\ia32\compiler;C:\Program Files (x86)\Common Files\Intel\Shared Libraries\redist\intel64\compiler;C:\Program Files (x86)\Common Files\Oracle\Java\javapath;C:\Program Files (x86)\Intel\iCLS Client\;C:\Program Files\Intel\iCLS Client\;C:\WINDOWS\system32;C:\WINDOWS;C:\WINDOWS\System32\Wbem;C:\WINDOWS\System32\WindowsPowerShell\v1.0\;C:\WINDOWS\System32\OpenSSH\;C:\Program Files (x86)\Intel\Intel(R) Management Engine Components\DAL;C:\Program Files\Intel\Intel(R) Management Engine Components\DAL;C:\Program Files (x86)\Intel\Intel(R) Management Engine Components\IPT;C:\Program Files\Intel\Intel(R) Management Engine Components\IPT;C:\Users\kitubas\AppData\Local\Microsoft\WindowsApps;C:\adb;C:\Program Files\nodejs\;C:\WINDOWS\system32;C:\WINDOWS;C:\WINDOWS\System32\Wbem;C:\WINDOWS\System32\WindowsPowerShell\v1.0\;C:\WINDOWS\System32\OpenSSH\;C:\Program Files\Docker\Docker\resources\bin;C:\ProgramData\DockerDesktop\version-bin;C:\Program Files\Git\cmd;C:\Gradle\gradle-4.7\bin;C:\Users\kitubas\AppData\Local\Microsoft\WindowsApps;C:\Users\kitubas\AppData\Local\Programs\Microsoft VS Code\bin;C:\Users\kitubas\AppData\Roaming\npm;C:\Users\kitubas\Documents\apache-maven-3.8.1\bin;C:\Program Files\heroku\bin
USERNAME=kitubas
OS=Windows_NT
PROCESSOR_IDENTIFIER=Intel64 Family 6 Model 142 Stepping 10, GenuineIntel



---------------  S Y S T E M  ---------------

OS: Windows 10.0 , 64 bit Build 19041 (10.0.19041.1151)

CPU:total 8 (initial active 8) (4 cores per cpu, 2 threads per core) family 6 model 142 stepping 10, cmov, cx8, fxsr, mmx, sse, sse2, sse3, ssse3, sse4.1, sse4.2, popcnt, avx, avx2, aes, clmul, erms, 3dnowpref, lzcnt, ht, tsc, tscinvbit, bmi1, bmi2, adx

Memory: 4k page, physical 12489956k(441920k free), swap 12489956k(3148k free)

vm_info: Java HotSpot(TM) 64-Bit Server VM (25.291-b10) for windows-amd64 JRE (1.8.0_291-b10), built on Apr  9 2021 00:02:00 by "java_re" with MS VC++ 15.9 (VS2017)

time: Mon Aug 23 11:36:39 2021
timezone: Hora Padrão da Bahia
elapsed time: 4.466438 seconds (0d 0h 0m 4s)

